2024-05-27 00:02:54.9426|INFO|Microsoft.AspNetCore.DataProtection.KeyManagement.XmlKeyManager|User profile is available. Using 'C:\Users\Yash\AppData\Local\ASP.NET\DataProtection-Keys' as key repository and Windows DPAPI to encrypt keys at rest.
2024-05-27 00:02:55.2553|INFO|Microsoft.Hosting.Lifetime|Now listening on: http://localhost:5188
2024-05-27 00:02:55.2553|INFO|Microsoft.Hosting.Lifetime|Application started. Press Ctrl+C to shut down.
2024-05-27 00:02:55.2553|INFO|Microsoft.Hosting.Lifetime|Hosting environment: Development
2024-05-27 00:02:55.2553|INFO|Microsoft.Hosting.Lifetime|Content root path: C:\Code\RefactoredFundooNotes\FundooNotes\FundooNotes
2024-05-27 00:02:56.0740|INFO|Microsoft.AspNetCore.Hosting.Diagnostics|Request starting HTTP/1.1 GET http://localhost:5188/swagger/index.html - - -
2024-05-27 00:02:56.5923|INFO|Microsoft.AspNetCore.Hosting.Diagnostics|Request finished HTTP/1.1 GET http://localhost:5188/swagger/index.html - 200 - text/html;charset=utf-8 529.6776ms
2024-05-27 00:02:56.6341|INFO|Microsoft.AspNetCore.Hosting.Diagnostics|Request starting HTTP/1.1 GET http://localhost:5188/_framework/aspnetcore-browser-refresh.js - - -
2024-05-27 00:02:56.6341|INFO|Microsoft.AspNetCore.Hosting.Diagnostics|Request starting HTTP/1.1 GET http://localhost:5188/_vs/browserLink - - -
2024-05-27 00:02:56.6341|INFO|Microsoft.AspNetCore.Hosting.Diagnostics|Request finished HTTP/1.1 GET http://localhost:5188/_framework/aspnetcore-browser-refresh.js - 200 13758 application/javascript;+charset=utf-8 3.6657ms
2024-05-27 00:02:56.7198|INFO|Microsoft.AspNetCore.Hosting.Diagnostics|Request finished HTTP/1.1 GET http://localhost:5188/_vs/browserLink - 200 - text/javascript;+charset=UTF-8 84.1405ms
2024-05-27 00:02:56.9024|INFO|Microsoft.AspNetCore.Hosting.Diagnostics|Request starting HTTP/1.1 GET http://localhost:5188/swagger/v1/swagger.json - - -
2024-05-27 00:02:57.1311|INFO|Microsoft.AspNetCore.Hosting.Diagnostics|Request finished HTTP/1.1 GET http://localhost:5188/swagger/v1/swagger.json - 200 - application/json;charset=utf-8 228.9393ms
2024-05-27 00:04:38.4727|INFO|Microsoft.AspNetCore.DataProtection.KeyManagement.XmlKeyManager|User profile is available. Using 'C:\Users\Yash\AppData\Local\ASP.NET\DataProtection-Keys' as key repository and Windows DPAPI to encrypt keys at rest.
2024-05-27 00:04:38.8517|INFO|Microsoft.Hosting.Lifetime|Now listening on: http://localhost:5188
2024-05-27 00:04:38.8517|INFO|Microsoft.Hosting.Lifetime|Application started. Press Ctrl+C to shut down.
2024-05-27 00:04:38.8517|INFO|Microsoft.Hosting.Lifetime|Hosting environment: Development
2024-05-27 00:04:38.8517|INFO|Microsoft.Hosting.Lifetime|Content root path: C:\Code\RefactoredFundooNotes\FundooNotes\FundooNotes
2024-05-27 00:04:39.4560|INFO|Microsoft.AspNetCore.Hosting.Diagnostics|Request starting HTTP/1.1 GET http://localhost:5188/swagger/index.html - - -
2024-05-27 00:04:40.0606|INFO|Microsoft.AspNetCore.Hosting.Diagnostics|Request finished HTTP/1.1 GET http://localhost:5188/swagger/index.html - 200 - text/html;charset=utf-8 609.6820ms
2024-05-27 00:04:40.1323|INFO|Microsoft.AspNetCore.Hosting.Diagnostics|Request starting HTTP/1.1 GET http://localhost:5188/_framework/aspnetcore-browser-refresh.js - - -
2024-05-27 00:04:40.1323|INFO|Microsoft.AspNetCore.Hosting.Diagnostics|Request finished HTTP/1.1 GET http://localhost:5188/_framework/aspnetcore-browser-refresh.js - 200 13758 application/javascript;+charset=utf-8 4.8067ms
2024-05-27 00:04:40.2990|INFO|Microsoft.AspNetCore.Hosting.Diagnostics|Request starting HTTP/1.1 GET http://localhost:5188/_vs/browserLink - - -
2024-05-27 00:04:40.3506|INFO|Microsoft.AspNetCore.Hosting.Diagnostics|Request finished HTTP/1.1 GET http://localhost:5188/_vs/browserLink - 200 - text/javascript;+charset=UTF-8 51.5986ms
2024-05-27 00:04:40.7049|INFO|Microsoft.AspNetCore.Hosting.Diagnostics|Request starting HTTP/1.1 GET http://localhost:5188/swagger/v1/swagger.json - - -
2024-05-27 00:04:40.9395|INFO|Microsoft.AspNetCore.Hosting.Diagnostics|Request finished HTTP/1.1 GET http://localhost:5188/swagger/v1/swagger.json - 200 - application/json;charset=utf-8 234.7104ms
2024-05-27 00:05:07.3808|INFO|Microsoft.AspNetCore.Hosting.Diagnostics|Request starting HTTP/1.1 POST http://localhost:5188/api/createNote/4 - application/json 444
2024-05-27 00:05:07.3808|WARN|Microsoft.AspNetCore.HttpsPolicy.HttpsRedirectionMiddleware|Failed to determine the https port for redirect.
2024-05-27 00:05:07.5718|INFO|Microsoft.AspNetCore.Routing.EndpointMiddleware|Executing endpoint 'FundooNotes.Controllers.NoteController.CreateNotes (FundooNotes)'
2024-05-27 00:05:07.6098|INFO|Microsoft.AspNetCore.Mvc.Infrastructure.ControllerActionInvoker|Route matched with {action = "CreateNotes", controller = "Note"}. Executing controller action with signature System.Threading.Tasks.Task`1[Microsoft.AspNetCore.Mvc.IActionResult] CreateNotes(ModelLayer.NoteModel.CreateNoteModel, Int32) on controller FundooNotes.Controllers.NoteController (FundooNotes).
2024-05-27 00:05:08.5899|INFO|FundooNotes.Controllers.NoteController|Note Added Successfully
2024-05-27 00:05:08.5899|INFO|Microsoft.AspNetCore.Mvc.Infrastructure.ObjectResultExecutor|Executing OkObjectResult, writing value of type 'ModelLayer.ResponseModel.ResponseModel`1[[ModelLayer.NoteModel.CreateNoteResponseModel, ModelLayer, Version=1.0.0.0, Culture=neutral, PublicKeyToken=null]]'.
2024-05-27 00:05:08.6136|INFO|Microsoft.AspNetCore.Mvc.Infrastructure.ControllerActionInvoker|Executed action FundooNotes.Controllers.NoteController.CreateNotes (FundooNotes) in 998.3973ms
2024-05-27 00:05:08.6136|INFO|Microsoft.AspNetCore.Routing.EndpointMiddleware|Executed endpoint 'FundooNotes.Controllers.NoteController.CreateNotes (FundooNotes)'
2024-05-27 00:05:08.6136|INFO|Microsoft.AspNetCore.Hosting.Diagnostics|Request finished HTTP/1.1 POST http://localhost:5188/api/createNote/4 - 200 - application/json;+charset=utf-8 1235.1874ms
2024-05-27 00:05:17.4752|INFO|Microsoft.AspNetCore.Hosting.Diagnostics|Request starting HTTP/1.1 GET http://localhost:5188/api/getNotes/4 - - -
2024-05-27 00:05:17.4752|INFO|Microsoft.AspNetCore.Routing.EndpointMiddleware|Executing endpoint 'FundooNotes.Controllers.NoteController.GetAllNotesInLabel (FundooNotes)'
2024-05-27 00:05:17.4752|INFO|Microsoft.AspNetCore.Mvc.Infrastructure.ControllerActionInvoker|Route matched with {action = "GetAllNotesInLabel", controller = "Note"}. Executing controller action with signature System.Threading.Tasks.Task`1[Microsoft.AspNetCore.Mvc.IActionResult] GetAllNotesInLabel(Int32) on controller FundooNotes.Controllers.NoteController (FundooNotes).
2024-05-27 00:05:17.5208|INFO|FundooNotes.Controllers.NoteController|Notes fetched successfully
2024-05-27 00:05:17.5208|INFO|Microsoft.AspNetCore.Mvc.Infrastructure.ObjectResultExecutor|Executing OkObjectResult, writing value of type 'ModelLayer.ResponseModel.ResponseModel`1[[System.Collections.Generic.IEnumerable`1[[ModelLayer.NoteModel.NoteResponseModel, ModelLayer, Version=1.0.0.0, Culture=neutral, PublicKeyToken=null]], System.Private.CoreLib, Version=8.0.0.0, Culture=neutral, PublicKeyToken=7cec85d7bea7798e]]'.
2024-05-27 00:05:17.5237|INFO|Microsoft.AspNetCore.Mvc.Infrastructure.ControllerActionInvoker|Executed action FundooNotes.Controllers.NoteController.GetAllNotesInLabel (FundooNotes) in 33.7666ms
2024-05-27 00:05:17.5237|INFO|Microsoft.AspNetCore.Routing.EndpointMiddleware|Executed endpoint 'FundooNotes.Controllers.NoteController.GetAllNotesInLabel (FundooNotes)'
2024-05-27 00:05:17.5237|INFO|Microsoft.AspNetCore.Hosting.Diagnostics|Request finished HTTP/1.1 GET http://localhost:5188/api/getNotes/4 - 200 - application/json;+charset=utf-8 49.1309ms
2024-05-27 00:05:33.9622|INFO|Microsoft.AspNetCore.Hosting.Diagnostics|Request starting HTTP/1.1 PATCH http://localhost:5188/api/moveToTrash/5 - - 0
2024-05-27 00:05:33.9622|INFO|Microsoft.AspNetCore.Routing.EndpointMiddleware|Executing endpoint 'FundooNotes.Controllers.NoteController.MoveToTrash (FundooNotes)'
2024-05-27 00:05:33.9741|INFO|Microsoft.AspNetCore.Mvc.Infrastructure.ControllerActionInvoker|Route matched with {action = "MoveToTrash", controller = "Note"}. Executing controller action with signature System.Threading.Tasks.Task`1[Microsoft.AspNetCore.Mvc.IActionResult] MoveToTrash(Int32) on controller FundooNotes.Controllers.NoteController (FundooNotes).
2024-05-27 00:05:34.0009|INFO|FundooNotes.Controllers.NoteController|Notes moved to trash successfully
2024-05-27 00:05:34.0009|INFO|Microsoft.AspNetCore.Mvc.Infrastructure.ObjectResultExecutor|Executing OkObjectResult, writing value of type 'ModelLayer.ResponseModel.ResponseModel'.
2024-05-27 00:05:34.0009|INFO|Microsoft.AspNetCore.Mvc.Infrastructure.ControllerActionInvoker|Executed action FundooNotes.Controllers.NoteController.MoveToTrash (FundooNotes) in 29.2111ms
2024-05-27 00:05:34.0009|INFO|Microsoft.AspNetCore.Routing.EndpointMiddleware|Executed endpoint 'FundooNotes.Controllers.NoteController.MoveToTrash (FundooNotes)'
2024-05-27 00:05:34.0009|INFO|Microsoft.AspNetCore.Hosting.Diagnostics|Request finished HTTP/1.1 PATCH http://localhost:5188/api/moveToTrash/5 - 200 - application/json;+charset=utf-8 42.5788ms
2024-05-27 00:05:42.7786|INFO|Microsoft.AspNetCore.Hosting.Diagnostics|Request starting HTTP/1.1 GET http://localhost:5188/api/getTrashNotes - - -
2024-05-27 00:05:42.7786|INFO|Microsoft.AspNetCore.Routing.EndpointMiddleware|Executing endpoint 'FundooNotes.Controllers.NoteController.GetAllTrashNotes (FundooNotes)'
2024-05-27 00:05:42.7880|INFO|Microsoft.AspNetCore.Mvc.Infrastructure.ControllerActionInvoker|Route matched with {action = "GetAllTrashNotes", controller = "Note"}. Executing controller action with signature System.Threading.Tasks.Task`1[Microsoft.AspNetCore.Mvc.IActionResult] GetAllTrashNotes() on controller FundooNotes.Controllers.NoteController (FundooNotes).
2024-05-27 00:05:42.7880|INFO|FundooNotes.Controllers.NoteController|Trash Notes fetched successfully
2024-05-27 00:05:42.7880|INFO|Microsoft.AspNetCore.Mvc.Infrastructure.ObjectResultExecutor|Executing OkObjectResult, writing value of type 'ModelLayer.ResponseModel.ResponseModel`1[[System.Collections.Generic.IEnumerable`1[[ModelLayer.NoteModel.NoteResponseModel, ModelLayer, Version=1.0.0.0, Culture=neutral, PublicKeyToken=null]], System.Private.CoreLib, Version=8.0.0.0, Culture=neutral, PublicKeyToken=7cec85d7bea7798e]]'.
2024-05-27 00:05:42.7880|INFO|Microsoft.AspNetCore.Mvc.Infrastructure.ControllerActionInvoker|Executed action FundooNotes.Controllers.NoteController.GetAllTrashNotes (FundooNotes) in 7.8338ms
2024-05-27 00:05:42.7880|INFO|Microsoft.AspNetCore.Routing.EndpointMiddleware|Executed endpoint 'FundooNotes.Controllers.NoteController.GetAllTrashNotes (FundooNotes)'
2024-05-27 00:05:42.7880|INFO|Microsoft.AspNetCore.Hosting.Diagnostics|Request finished HTTP/1.1 GET http://localhost:5188/api/getTrashNotes - 200 - application/json;+charset=utf-8 18.4836ms
2024-05-27 00:06:41.9398|INFO|Microsoft.AspNetCore.Hosting.Diagnostics|Request starting HTTP/1.1 GET http://localhost:5188/api/getTrashNotes - - -
2024-05-27 00:06:41.9485|INFO|Microsoft.AspNetCore.Routing.EndpointMiddleware|Executing endpoint 'FundooNotes.Controllers.NoteController.GetAllTrashNotes (FundooNotes)'
2024-05-27 00:06:41.9485|INFO|Microsoft.AspNetCore.Mvc.Infrastructure.ControllerActionInvoker|Route matched with {action = "GetAllTrashNotes", controller = "Note"}. Executing controller action with signature System.Threading.Tasks.Task`1[Microsoft.AspNetCore.Mvc.IActionResult] GetAllTrashNotes() on controller FundooNotes.Controllers.NoteController (FundooNotes).
2024-05-27 00:06:41.9485|INFO|FundooNotes.Controllers.NoteController|Trash Notes fetched successfully
2024-05-27 00:06:41.9485|INFO|Microsoft.AspNetCore.Mvc.Infrastructure.ObjectResultExecutor|Executing OkObjectResult, writing value of type 'ModelLayer.ResponseModel.ResponseModel`1[[System.Collections.Generic.IEnumerable`1[[ModelLayer.NoteModel.NoteResponseModel, ModelLayer, Version=1.0.0.0, Culture=neutral, PublicKeyToken=null]], System.Private.CoreLib, Version=8.0.0.0, Culture=neutral, PublicKeyToken=7cec85d7bea7798e]]'.
2024-05-27 00:06:41.9485|INFO|Microsoft.AspNetCore.Mvc.Infrastructure.ControllerActionInvoker|Executed action FundooNotes.Controllers.NoteController.GetAllTrashNotes (FundooNotes) in 4.0846ms
2024-05-27 00:06:41.9485|INFO|Microsoft.AspNetCore.Routing.EndpointMiddleware|Executed endpoint 'FundooNotes.Controllers.NoteController.GetAllTrashNotes (FundooNotes)'
2024-05-27 00:06:41.9485|INFO|Microsoft.AspNetCore.Hosting.Diagnostics|Request finished HTTP/1.1 GET http://localhost:5188/api/getTrashNotes - 200 - application/json;+charset=utf-8 18.5338ms
2024-05-27 00:06:53.7565|INFO|Microsoft.AspNetCore.Hosting.Diagnostics|Request starting HTTP/1.1 PATCH http://localhost:5188/api/moveToArchive/4 - - 0
2024-05-27 00:06:53.7577|INFO|Microsoft.AspNetCore.Routing.EndpointMiddleware|Executing endpoint 'FundooNotes.Controllers.NoteController.MoveToArchive (FundooNotes)'
2024-05-27 00:06:53.7577|INFO|Microsoft.AspNetCore.Mvc.Infrastructure.ControllerActionInvoker|Route matched with {action = "MoveToArchive", controller = "Note"}. Executing controller action with signature System.Threading.Tasks.Task`1[Microsoft.AspNetCore.Mvc.IActionResult] MoveToArchive(Int32) on controller FundooNotes.Controllers.NoteController (FundooNotes).
2024-05-27 00:06:53.7738|INFO|FundooNotes.Controllers.NoteController|Notes moved to archived successfully
2024-05-27 00:06:53.7738|INFO|Microsoft.AspNetCore.Mvc.Infrastructure.ObjectResultExecutor|Executing OkObjectResult, writing value of type 'ModelLayer.ResponseModel.ResponseModel'.
2024-05-27 00:06:53.7738|INFO|Microsoft.AspNetCore.Mvc.Infrastructure.ControllerActionInvoker|Executed action FundooNotes.Controllers.NoteController.MoveToArchive (FundooNotes) in 9.1569ms
2024-05-27 00:06:53.7738|INFO|Microsoft.AspNetCore.Routing.EndpointMiddleware|Executed endpoint 'FundooNotes.Controllers.NoteController.MoveToArchive (FundooNotes)'
2024-05-27 00:06:53.7738|INFO|Microsoft.AspNetCore.Hosting.Diagnostics|Request finished HTTP/1.1 PATCH http://localhost:5188/api/moveToArchive/4 - 200 - application/json;+charset=utf-8 19.3306ms
2024-05-27 00:07:00.7326|INFO|Microsoft.AspNetCore.Hosting.Diagnostics|Request starting HTTP/1.1 GET http://localhost:5188/api/getArchivedNotes - - -
2024-05-27 00:07:00.7326|INFO|Microsoft.AspNetCore.Routing.EndpointMiddleware|Executing endpoint 'FundooNotes.Controllers.NoteController.GetAllArchivedNotes (FundooNotes)'
2024-05-27 00:07:00.7400|INFO|Microsoft.AspNetCore.Mvc.Infrastructure.ControllerActionInvoker|Route matched with {action = "GetAllArchivedNotes", controller = "Note"}. Executing controller action with signature System.Threading.Tasks.Task`1[Microsoft.AspNetCore.Mvc.IActionResult] GetAllArchivedNotes() on controller FundooNotes.Controllers.NoteController (FundooNotes).
2024-05-27 00:07:00.7597|INFO|FundooNotes.Controllers.NoteController|Archived Notes fetched successfully
2024-05-27 00:07:00.7597|INFO|Microsoft.AspNetCore.Mvc.Infrastructure.ObjectResultExecutor|Executing OkObjectResult, writing value of type 'ModelLayer.ResponseModel.ResponseModel`1[[System.Collections.Generic.IEnumerable`1[[ModelLayer.NoteModel.NoteResponseModel, ModelLayer, Version=1.0.0.0, Culture=neutral, PublicKeyToken=null]], System.Private.CoreLib, Version=8.0.0.0, Culture=neutral, PublicKeyToken=7cec85d7bea7798e]]'.
2024-05-27 00:07:00.7597|INFO|Microsoft.AspNetCore.Mvc.Infrastructure.ControllerActionInvoker|Executed action FundooNotes.Controllers.NoteController.GetAllArchivedNotes (FundooNotes) in 21.596ms
2024-05-27 00:07:00.7597|INFO|Microsoft.AspNetCore.Routing.EndpointMiddleware|Executed endpoint 'FundooNotes.Controllers.NoteController.GetAllArchivedNotes (FundooNotes)'
2024-05-27 00:07:00.7597|INFO|Microsoft.AspNetCore.Hosting.Diagnostics|Request finished HTTP/1.1 GET http://localhost:5188/api/getArchivedNotes - 200 - application/json;+charset=utf-8 30.1914ms
2024-05-27 00:07:08.3352|INFO|Microsoft.AspNetCore.Hosting.Diagnostics|Request starting HTTP/1.1 GET http://localhost:5188/api/getTrashNotes - - -
2024-05-27 00:07:08.3360|INFO|Microsoft.AspNetCore.Routing.EndpointMiddleware|Executing endpoint 'FundooNotes.Controllers.NoteController.GetAllTrashNotes (FundooNotes)'
2024-05-27 00:07:08.3360|INFO|Microsoft.AspNetCore.Mvc.Infrastructure.ControllerActionInvoker|Route matched with {action = "GetAllTrashNotes", controller = "Note"}. Executing controller action with signature System.Threading.Tasks.Task`1[Microsoft.AspNetCore.Mvc.IActionResult] GetAllTrashNotes() on controller FundooNotes.Controllers.NoteController (FundooNotes).
2024-05-27 00:07:08.3360|INFO|FundooNotes.Controllers.NoteController|Trash Notes fetched successfully
2024-05-27 00:07:08.3360|INFO|Microsoft.AspNetCore.Mvc.Infrastructure.ObjectResultExecutor|Executing OkObjectResult, writing value of type 'ModelLayer.ResponseModel.ResponseModel`1[[System.Collections.Generic.IEnumerable`1[[ModelLayer.NoteModel.NoteResponseModel, ModelLayer, Version=1.0.0.0, Culture=neutral, PublicKeyToken=null]], System.Private.CoreLib, Version=8.0.0.0, Culture=neutral, PublicKeyToken=7cec85d7bea7798e]]'.
2024-05-27 00:07:08.3360|INFO|Microsoft.AspNetCore.Mvc.Infrastructure.ControllerActionInvoker|Executed action FundooNotes.Controllers.NoteController.GetAllTrashNotes (FundooNotes) in 3.4371ms
2024-05-27 00:07:08.3360|INFO|Microsoft.AspNetCore.Routing.EndpointMiddleware|Executed endpoint 'FundooNotes.Controllers.NoteController.GetAllTrashNotes (FundooNotes)'
2024-05-27 00:07:08.3360|INFO|Microsoft.AspNetCore.Hosting.Diagnostics|Request finished HTTP/1.1 GET http://localhost:5188/api/getTrashNotes - 200 - application/json;+charset=utf-8 5.6397ms
2024-05-27 00:09:39.0067|INFO|Microsoft.AspNetCore.DataProtection.KeyManagement.XmlKeyManager|User profile is available. Using 'C:\Users\Yash\AppData\Local\ASP.NET\DataProtection-Keys' as key repository and Windows DPAPI to encrypt keys at rest.
2024-05-27 00:09:39.3470|INFO|Microsoft.Hosting.Lifetime|Now listening on: http://localhost:5188
2024-05-27 00:09:39.3506|INFO|Microsoft.Hosting.Lifetime|Application started. Press Ctrl+C to shut down.
2024-05-27 00:09:39.3506|INFO|Microsoft.Hosting.Lifetime|Hosting environment: Development
2024-05-27 00:09:39.3506|INFO|Microsoft.Hosting.Lifetime|Content root path: C:\Code\RefactoredFundooNotes\FundooNotes\FundooNotes
2024-05-27 00:09:39.7222|INFO|Microsoft.AspNetCore.Hosting.Diagnostics|Request starting HTTP/1.1 GET http://localhost:5188/swagger/index.html - - -
2024-05-27 00:09:40.2298|INFO|Microsoft.AspNetCore.Hosting.Diagnostics|Request finished HTTP/1.1 GET http://localhost:5188/swagger/index.html - 200 - text/html;charset=utf-8 509.5980ms
2024-05-27 00:09:40.2451|INFO|Microsoft.AspNetCore.Hosting.Diagnostics|Request starting HTTP/1.1 GET http://localhost:5188/_vs/browserLink - - -
2024-05-27 00:09:40.2451|INFO|Microsoft.AspNetCore.Hosting.Diagnostics|Request starting HTTP/1.1 GET http://localhost:5188/_framework/aspnetcore-browser-refresh.js - - -
2024-05-27 00:09:40.2694|INFO|Microsoft.AspNetCore.Hosting.Diagnostics|Request finished HTTP/1.1 GET http://localhost:5188/_framework/aspnetcore-browser-refresh.js - 200 13758 application/javascript;+charset=utf-8 28.2589ms
2024-05-27 00:09:40.4473|INFO|Microsoft.AspNetCore.Hosting.Diagnostics|Request starting HTTP/1.1 GET http://localhost:5188/api/getTrashNotes - - -
2024-05-27 00:09:40.4638|WARN|Microsoft.AspNetCore.HttpsPolicy.HttpsRedirectionMiddleware|Failed to determine the https port for redirect.
2024-05-27 00:09:40.9502|INFO|Microsoft.AspNetCore.Hosting.Diagnostics|Request finished HTTP/1.1 GET http://localhost:5188/_vs/browserLink - 200 - text/javascript;+charset=UTF-8 708.2972ms
2024-05-27 00:09:41.0296|INFO|Microsoft.AspNetCore.Hosting.Diagnostics|Request starting HTTP/1.1 GET http://localhost:5188/swagger/v1/swagger.json - - -
2024-05-27 00:09:41.1057|INFO|Microsoft.AspNetCore.Routing.EndpointMiddleware|Executing endpoint 'FundooNotes.Controllers.NoteController.GetAllTrashNotes (FundooNotes)'
2024-05-27 00:09:41.1416|INFO|Microsoft.AspNetCore.Mvc.Infrastructure.ControllerActionInvoker|Route matched with {action = "GetAllTrashNotes", controller = "Note"}. Executing controller action with signature System.Threading.Tasks.Task`1[Microsoft.AspNetCore.Mvc.IActionResult] GetAllTrashNotes() on controller FundooNotes.Controllers.NoteController (FundooNotes).
2024-05-27 00:09:41.3262|INFO|Microsoft.AspNetCore.Hosting.Diagnostics|Request finished HTTP/1.1 GET http://localhost:5188/swagger/v1/swagger.json - 200 - application/json;charset=utf-8 296.4506ms
2024-05-27 00:09:41.5069|INFO|FundooNotes.Controllers.NoteController|Trash Notes fetched successfully
2024-05-27 00:09:41.5228|INFO|Microsoft.AspNetCore.Mvc.Infrastructure.ObjectResultExecutor|Executing OkObjectResult, writing value of type 'ModelLayer.ResponseModel.ResponseModel`1[[System.Collections.Generic.IEnumerable`1[[ModelLayer.NoteModel.NoteResponseModel, ModelLayer, Version=1.0.0.0, Culture=neutral, PublicKeyToken=null]], System.Private.CoreLib, Version=8.0.0.0, Culture=neutral, PublicKeyToken=7cec85d7bea7798e]]'.
2024-05-27 00:09:41.5399|INFO|Microsoft.AspNetCore.Mvc.Infrastructure.ControllerActionInvoker|Executed action FundooNotes.Controllers.NoteController.GetAllTrashNotes (FundooNotes) in 390.4934ms
2024-05-27 00:09:41.5399|INFO|Microsoft.AspNetCore.Routing.EndpointMiddleware|Executed endpoint 'FundooNotes.Controllers.NoteController.GetAllTrashNotes (FundooNotes)'
2024-05-27 00:09:41.5399|INFO|Microsoft.AspNetCore.Hosting.Diagnostics|Request finished HTTP/1.1 GET http://localhost:5188/api/getTrashNotes - 200 - application/json;+charset=utf-8 1097.3760ms
2024-05-27 00:09:46.8664|INFO|Microsoft.AspNetCore.Hosting.Diagnostics|Request starting HTTP/1.1 GET http://localhost:5188/api/getTrashNotes - - -
2024-05-27 00:09:46.8664|INFO|Microsoft.AspNetCore.Routing.EndpointMiddleware|Executing endpoint 'FundooNotes.Controllers.NoteController.GetAllTrashNotes (FundooNotes)'
2024-05-27 00:09:46.8664|INFO|Microsoft.AspNetCore.Mvc.Infrastructure.ControllerActionInvoker|Route matched with {action = "GetAllTrashNotes", controller = "Note"}. Executing controller action with signature System.Threading.Tasks.Task`1[Microsoft.AspNetCore.Mvc.IActionResult] GetAllTrashNotes() on controller FundooNotes.Controllers.NoteController (FundooNotes).
2024-05-27 00:09:46.8664|INFO|FundooNotes.Controllers.NoteController|Trash Notes fetched successfully
2024-05-27 00:09:46.8664|INFO|Microsoft.AspNetCore.Mvc.Infrastructure.ObjectResultExecutor|Executing OkObjectResult, writing value of type 'ModelLayer.ResponseModel.ResponseModel`1[[System.Collections.Generic.IEnumerable`1[[ModelLayer.NoteModel.NoteResponseModel, ModelLayer, Version=1.0.0.0, Culture=neutral, PublicKeyToken=null]], System.Private.CoreLib, Version=8.0.0.0, Culture=neutral, PublicKeyToken=7cec85d7bea7798e]]'.
2024-05-27 00:09:46.8800|INFO|Microsoft.AspNetCore.Mvc.Infrastructure.ControllerActionInvoker|Executed action FundooNotes.Controllers.NoteController.GetAllTrashNotes (FundooNotes) in 5.9247ms
2024-05-27 00:09:46.8800|INFO|Microsoft.AspNetCore.Routing.EndpointMiddleware|Executed endpoint 'FundooNotes.Controllers.NoteController.GetAllTrashNotes (FundooNotes)'
2024-05-27 00:09:46.8800|INFO|Microsoft.AspNetCore.Hosting.Diagnostics|Request finished HTTP/1.1 GET http://localhost:5188/api/getTrashNotes - 200 - application/json;+charset=utf-8 14.2523ms
2024-05-27 00:13:45.4239|INFO|Microsoft.AspNetCore.DataProtection.KeyManagement.XmlKeyManager|User profile is available. Using 'C:\Users\Yash\AppData\Local\ASP.NET\DataProtection-Keys' as key repository and Windows DPAPI to encrypt keys at rest.
2024-05-27 00:13:45.7448|INFO|Microsoft.Hosting.Lifetime|Now listening on: http://localhost:5188
2024-05-27 00:13:45.7448|INFO|Microsoft.Hosting.Lifetime|Application started. Press Ctrl+C to shut down.
2024-05-27 00:13:45.7448|INFO|Microsoft.Hosting.Lifetime|Hosting environment: Development
2024-05-27 00:13:45.7448|INFO|Microsoft.Hosting.Lifetime|Content root path: C:\Code\RefactoredFundooNotes\FundooNotes\FundooNotes
2024-05-27 00:13:46.4271|INFO|Microsoft.AspNetCore.Hosting.Diagnostics|Request starting HTTP/1.1 GET http://localhost:5188/swagger/index.html - - -
2024-05-27 00:13:46.8734|INFO|Microsoft.AspNetCore.Hosting.Diagnostics|Request finished HTTP/1.1 GET http://localhost:5188/swagger/index.html - 200 - text/html;charset=utf-8 454.4850ms
2024-05-27 00:13:47.0991|INFO|Microsoft.AspNetCore.Hosting.Diagnostics|Request starting HTTP/1.1 GET http://localhost:5188/_vs/browserLink - - -
2024-05-27 00:13:47.0991|INFO|Microsoft.AspNetCore.Hosting.Diagnostics|Request starting HTTP/1.1 GET http://localhost:5188/_framework/aspnetcore-browser-refresh.js - - -
2024-05-27 00:13:47.0991|INFO|Microsoft.AspNetCore.Hosting.Diagnostics|Request finished HTTP/1.1 GET http://localhost:5188/_framework/aspnetcore-browser-refresh.js - 200 13758 application/javascript;+charset=utf-8 4.9899ms
2024-05-27 00:13:47.2345|INFO|Microsoft.AspNetCore.Hosting.Diagnostics|Request finished HTTP/1.1 GET http://localhost:5188/_vs/browserLink - 200 - text/javascript;+charset=UTF-8 135.5083ms
2024-05-27 00:13:47.3923|INFO|Microsoft.AspNetCore.Hosting.Diagnostics|Request starting HTTP/1.1 GET http://localhost:5188/swagger/v1/swagger.json - - -
2024-05-27 00:13:47.5566|INFO|Microsoft.AspNetCore.Hosting.Diagnostics|Request finished HTTP/1.1 GET http://localhost:5188/swagger/v1/swagger.json - 200 - application/json;charset=utf-8 164.3706ms
2024-05-27 00:13:52.4655|INFO|Microsoft.AspNetCore.Hosting.Diagnostics|Request starting HTTP/1.1 GET http://localhost:5188/api/getTrashNotes - - -
2024-05-27 00:13:52.4753|WARN|Microsoft.AspNetCore.HttpsPolicy.HttpsRedirectionMiddleware|Failed to determine the https port for redirect.
2024-05-27 00:13:52.6477|INFO|Microsoft.AspNetCore.Routing.EndpointMiddleware|Executing endpoint 'FundooNotes.Controllers.NoteController.GetAllTrashNotes (FundooNotes)'
2024-05-27 00:13:52.6794|INFO|Microsoft.AspNetCore.Mvc.Infrastructure.ControllerActionInvoker|Route matched with {action = "GetAllTrashNotes", controller = "Note"}. Executing controller action with signature System.Threading.Tasks.Task`1[Microsoft.AspNetCore.Mvc.IActionResult] GetAllTrashNotes() on controller FundooNotes.Controllers.NoteController (FundooNotes).
2024-05-27 00:13:52.9820|INFO|FundooNotes.Controllers.NoteController|Trash Notes fetched successfully
2024-05-27 00:13:52.9963|INFO|Microsoft.AspNetCore.Mvc.Infrastructure.ObjectResultExecutor|Executing OkObjectResult, writing value of type 'ModelLayer.ResponseModel.ResponseModel`1[[System.Collections.Generic.IEnumerable`1[[ModelLayer.NoteModel.NoteResponseModel, ModelLayer, Version=1.0.0.0, Culture=neutral, PublicKeyToken=null]], System.Private.CoreLib, Version=8.0.0.0, Culture=neutral, PublicKeyToken=7cec85d7bea7798e]]'.
2024-05-27 00:13:53.0123|INFO|Microsoft.AspNetCore.Mvc.Infrastructure.ControllerActionInvoker|Executed action FundooNotes.Controllers.NoteController.GetAllTrashNotes (FundooNotes) in 325.5375ms
2024-05-27 00:13:53.0123|INFO|Microsoft.AspNetCore.Routing.EndpointMiddleware|Executed endpoint 'FundooNotes.Controllers.NoteController.GetAllTrashNotes (FundooNotes)'
2024-05-27 00:13:53.0123|INFO|Microsoft.AspNetCore.Hosting.Diagnostics|Request finished HTTP/1.1 GET http://localhost:5188/api/getTrashNotes - 200 - application/json;+charset=utf-8 549.8961ms
2024-05-27 00:13:56.0630|INFO|Microsoft.AspNetCore.Hosting.Diagnostics|Request starting HTTP/1.1 GET http://localhost:5188/api/getTrashNotes - - -
2024-05-27 00:13:56.0728|INFO|Microsoft.AspNetCore.Routing.EndpointMiddleware|Executing endpoint 'FundooNotes.Controllers.NoteController.GetAllTrashNotes (FundooNotes)'
2024-05-27 00:13:56.0728|INFO|Microsoft.AspNetCore.Mvc.Infrastructure.ControllerActionInvoker|Route matched with {action = "GetAllTrashNotes", controller = "Note"}. Executing controller action with signature System.Threading.Tasks.Task`1[Microsoft.AspNetCore.Mvc.IActionResult] GetAllTrashNotes() on controller FundooNotes.Controllers.NoteController (FundooNotes).
2024-05-27 00:13:56.0728|INFO|FundooNotes.Controllers.NoteController|Trash Notes fetched successfully
2024-05-27 00:13:56.0728|INFO|Microsoft.AspNetCore.Mvc.Infrastructure.ObjectResultExecutor|Executing OkObjectResult, writing value of type 'ModelLayer.ResponseModel.ResponseModel`1[[System.Collections.Generic.IEnumerable`1[[ModelLayer.NoteModel.NoteResponseModel, ModelLayer, Version=1.0.0.0, Culture=neutral, PublicKeyToken=null]], System.Private.CoreLib, Version=8.0.0.0, Culture=neutral, PublicKeyToken=7cec85d7bea7798e]]'.
2024-05-27 00:13:56.0728|INFO|Microsoft.AspNetCore.Mvc.Infrastructure.ControllerActionInvoker|Executed action FundooNotes.Controllers.NoteController.GetAllTrashNotes (FundooNotes) in 3.7662ms
2024-05-27 00:13:56.0728|INFO|Microsoft.AspNetCore.Routing.EndpointMiddleware|Executed endpoint 'FundooNotes.Controllers.NoteController.GetAllTrashNotes (FundooNotes)'
2024-05-27 00:13:56.0728|INFO|Microsoft.AspNetCore.Hosting.Diagnostics|Request finished HTTP/1.1 GET http://localhost:5188/api/getTrashNotes - 200 - application/json;+charset=utf-8 15.0178ms
2024-05-27 00:14:16.0651|INFO|Microsoft.AspNetCore.Hosting.Diagnostics|Request starting HTTP/1.1 GET http://localhost:5188/api/getNotes/4 - - -
2024-05-27 00:14:16.0725|INFO|Microsoft.AspNetCore.Routing.EndpointMiddleware|Executing endpoint 'FundooNotes.Controllers.NoteController.GetAllNotesInLabel (FundooNotes)'
2024-05-27 00:14:16.0963|INFO|Microsoft.AspNetCore.Mvc.Infrastructure.ControllerActionInvoker|Route matched with {action = "GetAllNotesInLabel", controller = "Note"}. Executing controller action with signature System.Threading.Tasks.Task`1[Microsoft.AspNetCore.Mvc.IActionResult] GetAllNotesInLabel(Int32) on controller FundooNotes.Controllers.NoteController (FundooNotes).
2024-05-27 00:14:16.1284|INFO|FundooNotes.Controllers.NoteController|Notes fetched successfully
2024-05-27 00:14:16.1284|INFO|Microsoft.AspNetCore.Mvc.Infrastructure.ObjectResultExecutor|Executing OkObjectResult, writing value of type 'ModelLayer.ResponseModel.ResponseModel`1[[System.Collections.Generic.IEnumerable`1[[ModelLayer.NoteModel.NoteResponseModel, ModelLayer, Version=1.0.0.0, Culture=neutral, PublicKeyToken=null]], System.Private.CoreLib, Version=8.0.0.0, Culture=neutral, PublicKeyToken=7cec85d7bea7798e]]'.
2024-05-27 00:14:16.1284|INFO|Microsoft.AspNetCore.Mvc.Infrastructure.ControllerActionInvoker|Executed action FundooNotes.Controllers.NoteController.GetAllNotesInLabel (FundooNotes) in 33.9783ms
2024-05-27 00:14:16.1310|INFO|Microsoft.AspNetCore.Routing.EndpointMiddleware|Executed endpoint 'FundooNotes.Controllers.NoteController.GetAllNotesInLabel (FundooNotes)'
2024-05-27 00:14:16.1310|INFO|Microsoft.AspNetCore.Hosting.Diagnostics|Request finished HTTP/1.1 GET http://localhost:5188/api/getNotes/4 - 200 - application/json;+charset=utf-8 66.4109ms
2024-05-27 00:14:29.4645|INFO|Microsoft.AspNetCore.Hosting.Diagnostics|Request starting HTTP/1.1 GET http://localhost:5188/api/getNotes/4 - - -
2024-05-27 00:14:29.4645|INFO|Microsoft.AspNetCore.Routing.EndpointMiddleware|Executing endpoint 'FundooNotes.Controllers.NoteController.GetAllNotesInLabel (FundooNotes)'
2024-05-27 00:14:29.4645|INFO|Microsoft.AspNetCore.Mvc.Infrastructure.ControllerActionInvoker|Route matched with {action = "GetAllNotesInLabel", controller = "Note"}. Executing controller action with signature System.Threading.Tasks.Task`1[Microsoft.AspNetCore.Mvc.IActionResult] GetAllNotesInLabel(Int32) on controller FundooNotes.Controllers.NoteController (FundooNotes).
2024-05-27 00:14:29.4645|INFO|FundooNotes.Controllers.NoteController|Notes fetched successfully
2024-05-27 00:14:29.4645|INFO|Microsoft.AspNetCore.Mvc.Infrastructure.ObjectResultExecutor|Executing OkObjectResult, writing value of type 'ModelLayer.ResponseModel.ResponseModel`1[[System.Collections.Generic.IEnumerable`1[[ModelLayer.NoteModel.NoteResponseModel, ModelLayer, Version=1.0.0.0, Culture=neutral, PublicKeyToken=null]], System.Private.CoreLib, Version=8.0.0.0, Culture=neutral, PublicKeyToken=7cec85d7bea7798e]]'.
2024-05-27 00:14:29.4645|INFO|Microsoft.AspNetCore.Mvc.Infrastructure.ControllerActionInvoker|Executed action FundooNotes.Controllers.NoteController.GetAllNotesInLabel (FundooNotes) in 4.2533ms
2024-05-27 00:14:29.4761|INFO|Microsoft.AspNetCore.Routing.EndpointMiddleware|Executed endpoint 'FundooNotes.Controllers.NoteController.GetAllNotesInLabel (FundooNotes)'
2024-05-27 00:14:29.4761|INFO|Microsoft.AspNetCore.Hosting.Diagnostics|Request finished HTTP/1.1 GET http://localhost:5188/api/getNotes/4 - 200 - application/json;+charset=utf-8 12.3548ms
2024-05-27 00:14:30.9216|INFO|Microsoft.AspNetCore.Hosting.Diagnostics|Request starting HTTP/1.1 GET http://localhost:5188/api/getNotes/4 - - -
2024-05-27 00:14:30.9216|INFO|Microsoft.AspNetCore.Routing.EndpointMiddleware|Executing endpoint 'FundooNotes.Controllers.NoteController.GetAllNotesInLabel (FundooNotes)'
2024-05-27 00:14:30.9216|INFO|Microsoft.AspNetCore.Mvc.Infrastructure.ControllerActionInvoker|Route matched with {action = "GetAllNotesInLabel", controller = "Note"}. Executing controller action with signature System.Threading.Tasks.Task`1[Microsoft.AspNetCore.Mvc.IActionResult] GetAllNotesInLabel(Int32) on controller FundooNotes.Controllers.NoteController (FundooNotes).
2024-05-27 00:14:30.9267|INFO|FundooNotes.Controllers.NoteController|Notes fetched successfully
2024-05-27 00:14:30.9267|INFO|Microsoft.AspNetCore.Mvc.Infrastructure.ObjectResultExecutor|Executing OkObjectResult, writing value of type 'ModelLayer.ResponseModel.ResponseModel`1[[System.Collections.Generic.IEnumerable`1[[ModelLayer.NoteModel.NoteResponseModel, ModelLayer, Version=1.0.0.0, Culture=neutral, PublicKeyToken=null]], System.Private.CoreLib, Version=8.0.0.0, Culture=neutral, PublicKeyToken=7cec85d7bea7798e]]'.
2024-05-27 00:14:30.9267|INFO|Microsoft.AspNetCore.Mvc.Infrastructure.ControllerActionInvoker|Executed action FundooNotes.Controllers.NoteController.GetAllNotesInLabel (FundooNotes) in 5.6253ms
2024-05-27 00:14:30.9267|INFO|Microsoft.AspNetCore.Routing.EndpointMiddleware|Executed endpoint 'FundooNotes.Controllers.NoteController.GetAllNotesInLabel (FundooNotes)'
2024-05-27 00:14:30.9267|INFO|Microsoft.AspNetCore.Hosting.Diagnostics|Request finished HTTP/1.1 GET http://localhost:5188/api/getNotes/4 - 200 - application/json;+charset=utf-8 7.5552ms
2024-05-27 00:46:12.2986|INFO|Microsoft.AspNetCore.DataProtection.KeyManagement.XmlKeyManager|User profile is available. Using 'C:\Users\Yash\AppData\Local\ASP.NET\DataProtection-Keys' as key repository and Windows DPAPI to encrypt keys at rest.
2024-05-27 00:46:12.5934|INFO|Microsoft.Hosting.Lifetime|Now listening on: http://localhost:5188
2024-05-27 00:46:12.5957|INFO|Microsoft.Hosting.Lifetime|Application started. Press Ctrl+C to shut down.
2024-05-27 00:46:12.5957|INFO|Microsoft.Hosting.Lifetime|Hosting environment: Development
2024-05-27 00:46:12.5957|INFO|Microsoft.Hosting.Lifetime|Content root path: C:\Code\RefactoredFundooNotes\FundooNotes\FundooNotes
2024-05-27 00:46:13.5785|INFO|Microsoft.AspNetCore.Hosting.Diagnostics|Request starting HTTP/1.1 GET http://localhost:5188/swagger/index.html - - -
2024-05-27 00:46:13.8332|INFO|Microsoft.AspNetCore.Hosting.Diagnostics|Request finished HTTP/1.1 GET http://localhost:5188/swagger/index.html - 200 - text/html;charset=utf-8 260.4642ms
2024-05-27 00:46:13.8565|INFO|Microsoft.AspNetCore.Hosting.Diagnostics|Request starting HTTP/1.1 GET http://localhost:5188/_framework/aspnetcore-browser-refresh.js - - -
2024-05-27 00:46:13.8600|INFO|Microsoft.AspNetCore.Hosting.Diagnostics|Request finished HTTP/1.1 GET http://localhost:5188/_framework/aspnetcore-browser-refresh.js - 200 13758 application/javascript;+charset=utf-8 9.4761ms
2024-05-27 00:46:13.8600|INFO|Microsoft.AspNetCore.Hosting.Diagnostics|Request starting HTTP/1.1 GET http://localhost:5188/_vs/browserLink - - -
2024-05-27 00:46:13.9053|INFO|Microsoft.AspNetCore.Hosting.Diagnostics|Request finished HTTP/1.1 GET http://localhost:5188/_vs/browserLink - 200 - text/javascript;+charset=UTF-8 45.0069ms
2024-05-27 00:46:14.0250|INFO|Microsoft.AspNetCore.Hosting.Diagnostics|Request starting HTTP/1.1 GET http://localhost:5188/swagger/v1/swagger.json - - -
2024-05-27 00:46:14.1714|INFO|Microsoft.AspNetCore.Hosting.Diagnostics|Request finished HTTP/1.1 GET http://localhost:5188/swagger/v1/swagger.json - 200 - application/json;charset=utf-8 146.4258ms
2024-05-27 00:46:50.5161|INFO|Microsoft.AspNetCore.Hosting.Diagnostics|Request starting HTTP/1.1 POST http://localhost:5188/api/createNote/4 - application/json 441
2024-05-27 00:46:50.5319|WARN|Microsoft.AspNetCore.HttpsPolicy.HttpsRedirectionMiddleware|Failed to determine the https port for redirect.
2024-05-27 00:46:50.6924|INFO|Microsoft.AspNetCore.Routing.EndpointMiddleware|Executing endpoint 'FundooNotes.Controllers.NoteController.CreateNotes (FundooNotes)'
2024-05-27 00:46:50.7249|INFO|Microsoft.AspNetCore.Mvc.Infrastructure.ControllerActionInvoker|Route matched with {action = "CreateNotes", controller = "Note"}. Executing controller action with signature System.Threading.Tasks.Task`1[Microsoft.AspNetCore.Mvc.IActionResult] CreateNotes(ModelLayer.NoteModel.CreateNoteModel, Int32) on controller FundooNotes.Controllers.NoteController (FundooNotes).
2024-05-27 00:46:51.8506|INFO|FundooNotes.Controllers.NoteController|Note Added Successfully
2024-05-27 00:46:51.8506|INFO|Microsoft.AspNetCore.Mvc.Infrastructure.ObjectResultExecutor|Executing OkObjectResult, writing value of type 'ModelLayer.ResponseModel.ResponseModel`1[[ModelLayer.NoteModel.CreateNoteResponseModel, ModelLayer, Version=1.0.0.0, Culture=neutral, PublicKeyToken=null]]'.
2024-05-27 00:46:51.8666|INFO|Microsoft.AspNetCore.Mvc.Infrastructure.ControllerActionInvoker|Executed action FundooNotes.Controllers.NoteController.CreateNotes (FundooNotes) in 1135.2244ms
2024-05-27 00:46:51.8666|INFO|Microsoft.AspNetCore.Routing.EndpointMiddleware|Executed endpoint 'FundooNotes.Controllers.NoteController.CreateNotes (FundooNotes)'
2024-05-27 00:46:51.8666|INFO|Microsoft.AspNetCore.Hosting.Diagnostics|Request finished HTTP/1.1 POST http://localhost:5188/api/createNote/4 - 200 - application/json;+charset=utf-8 1352.7456ms
2024-05-27 00:46:59.6702|INFO|Microsoft.AspNetCore.Hosting.Diagnostics|Request starting HTTP/1.1 GET http://localhost:5188/api/getNotes/4 - - -
2024-05-27 00:46:59.6787|INFO|Microsoft.AspNetCore.Routing.EndpointMiddleware|Executing endpoint 'FundooNotes.Controllers.NoteController.GetAllNotesInLabel (FundooNotes)'
2024-05-27 00:46:59.6787|INFO|Microsoft.AspNetCore.Mvc.Infrastructure.ControllerActionInvoker|Route matched with {action = "GetAllNotesInLabel", controller = "Note"}. Executing controller action with signature System.Threading.Tasks.Task`1[Microsoft.AspNetCore.Mvc.IActionResult] GetAllNotesInLabel(Int32) on controller FundooNotes.Controllers.NoteController (FundooNotes).
2024-05-27 00:46:59.7142|INFO|FundooNotes.Controllers.NoteController|Notes fetched successfully
2024-05-27 00:46:59.7142|INFO|Microsoft.AspNetCore.Mvc.Infrastructure.ObjectResultExecutor|Executing OkObjectResult, writing value of type 'ModelLayer.ResponseModel.ResponseModel`1[[System.Collections.Generic.IEnumerable`1[[ModelLayer.NoteModel.NoteResponseModel, ModelLayer, Version=1.0.0.0, Culture=neutral, PublicKeyToken=null]], System.Private.CoreLib, Version=8.0.0.0, Culture=neutral, PublicKeyToken=7cec85d7bea7798e]]'.
2024-05-27 00:46:59.7142|INFO|Microsoft.AspNetCore.Mvc.Infrastructure.ControllerActionInvoker|Executed action FundooNotes.Controllers.NoteController.GetAllNotesInLabel (FundooNotes) in 33.3242ms
2024-05-27 00:46:59.7142|INFO|Microsoft.AspNetCore.Routing.EndpointMiddleware|Executed endpoint 'FundooNotes.Controllers.NoteController.GetAllNotesInLabel (FundooNotes)'
2024-05-27 00:46:59.7142|INFO|Microsoft.AspNetCore.Hosting.Diagnostics|Request finished HTTP/1.1 GET http://localhost:5188/api/getNotes/4 - 200 - application/json;+charset=utf-8 47.2456ms
2024-05-27 00:47:11.8659|INFO|Microsoft.AspNetCore.Hosting.Diagnostics|Request starting HTTP/1.1 GET http://localhost:5188/api/getTrashNotes - - -
2024-05-27 00:47:11.8659|INFO|Microsoft.AspNetCore.Routing.EndpointMiddleware|Executing endpoint 'FundooNotes.Controllers.NoteController.GetAllTrashNotes (FundooNotes)'
2024-05-27 00:47:11.8659|INFO|Microsoft.AspNetCore.Mvc.Infrastructure.ControllerActionInvoker|Route matched with {action = "GetAllTrashNotes", controller = "Note"}. Executing controller action with signature System.Threading.Tasks.Task`1[Microsoft.AspNetCore.Mvc.IActionResult] GetAllTrashNotes() on controller FundooNotes.Controllers.NoteController (FundooNotes).
2024-05-27 00:47:11.8831|INFO|FundooNotes.Controllers.NoteController|Trash Notes fetched successfully
2024-05-27 00:47:11.8831|INFO|Microsoft.AspNetCore.Mvc.Infrastructure.ObjectResultExecutor|Executing OkObjectResult, writing value of type 'ModelLayer.ResponseModel.ResponseModel`1[[System.Collections.Generic.IEnumerable`1[[ModelLayer.NoteModel.NoteResponseModel, ModelLayer, Version=1.0.0.0, Culture=neutral, PublicKeyToken=null]], System.Private.CoreLib, Version=8.0.0.0, Culture=neutral, PublicKeyToken=7cec85d7bea7798e]]'.
2024-05-27 00:47:11.8831|INFO|Microsoft.AspNetCore.Mvc.Infrastructure.ControllerActionInvoker|Executed action FundooNotes.Controllers.NoteController.GetAllTrashNotes (FundooNotes) in 8.4273ms
2024-05-27 00:47:11.8831|INFO|Microsoft.AspNetCore.Routing.EndpointMiddleware|Executed endpoint 'FundooNotes.Controllers.NoteController.GetAllTrashNotes (FundooNotes)'
2024-05-27 00:47:11.8831|INFO|Microsoft.AspNetCore.Hosting.Diagnostics|Request finished HTTP/1.1 GET http://localhost:5188/api/getTrashNotes - 200 - application/json;+charset=utf-8 18.1424ms
2024-05-27 00:47:20.7857|INFO|Microsoft.AspNetCore.Hosting.Diagnostics|Request starting HTTP/1.1 GET http://localhost:5188/api/getArchivedNotes - - -
2024-05-27 00:47:20.7857|INFO|Microsoft.AspNetCore.Routing.EndpointMiddleware|Executing endpoint 'FundooNotes.Controllers.NoteController.GetAllArchivedNotes (FundooNotes)'
2024-05-27 00:47:20.7857|INFO|Microsoft.AspNetCore.Mvc.Infrastructure.ControllerActionInvoker|Route matched with {action = "GetAllArchivedNotes", controller = "Note"}. Executing controller action with signature System.Threading.Tasks.Task`1[Microsoft.AspNetCore.Mvc.IActionResult] GetAllArchivedNotes() on controller FundooNotes.Controllers.NoteController (FundooNotes).
2024-05-27 00:47:20.7857|INFO|FundooNotes.Controllers.NoteController|Archived Notes fetched successfully
2024-05-27 00:47:20.7857|INFO|Microsoft.AspNetCore.Mvc.Infrastructure.ObjectResultExecutor|Executing OkObjectResult, writing value of type 'ModelLayer.ResponseModel.ResponseModel`1[[System.Collections.Generic.IEnumerable`1[[ModelLayer.NoteModel.NoteResponseModel, ModelLayer, Version=1.0.0.0, Culture=neutral, PublicKeyToken=null]], System.Private.CoreLib, Version=8.0.0.0, Culture=neutral, PublicKeyToken=7cec85d7bea7798e]]'.
2024-05-27 00:47:20.7857|INFO|Microsoft.AspNetCore.Mvc.Infrastructure.ControllerActionInvoker|Executed action FundooNotes.Controllers.NoteController.GetAllArchivedNotes (FundooNotes) in 6.3927ms
2024-05-27 00:47:20.7857|INFO|Microsoft.AspNetCore.Routing.EndpointMiddleware|Executed endpoint 'FundooNotes.Controllers.NoteController.GetAllArchivedNotes (FundooNotes)'
2024-05-27 00:47:20.7857|INFO|Microsoft.AspNetCore.Hosting.Diagnostics|Request finished HTTP/1.1 GET http://localhost:5188/api/getArchivedNotes - 200 - application/json;+charset=utf-8 10.4215ms
2024-05-27 00:47:38.5872|INFO|Microsoft.AspNetCore.Hosting.Diagnostics|Request starting HTTP/1.1 PATCH http://localhost:5188/api/retriveFromTrash/5 - - 0
2024-05-27 00:47:38.5872|INFO|Microsoft.AspNetCore.Routing.EndpointMiddleware|Executing endpoint 'FundooNotes.Controllers.NoteController.RetrieveFromTrash (FundooNotes)'
2024-05-27 00:47:38.5872|INFO|Microsoft.AspNetCore.Mvc.Infrastructure.ControllerActionInvoker|Route matched with {action = "RetrieveFromTrash", controller = "Note"}. Executing controller action with signature System.Threading.Tasks.Task`1[Microsoft.AspNetCore.Mvc.IActionResult] RetrieveFromTrash(Int32) on controller FundooNotes.Controllers.NoteController (FundooNotes).
2024-05-27 00:47:38.6091|INFO|FundooNotes.Controllers.NoteController|Notes moved out of trash successfully
2024-05-27 00:47:38.6095|INFO|Microsoft.AspNetCore.Mvc.Infrastructure.ObjectResultExecutor|Executing OkObjectResult, writing value of type 'ModelLayer.ResponseModel.ResponseModel'.
2024-05-27 00:47:38.6095|INFO|Microsoft.AspNetCore.Mvc.Infrastructure.ControllerActionInvoker|Executed action FundooNotes.Controllers.NoteController.RetrieveFromTrash (FundooNotes) in 17.9659ms
2024-05-27 00:47:38.6095|INFO|Microsoft.AspNetCore.Routing.EndpointMiddleware|Executed endpoint 'FundooNotes.Controllers.NoteController.RetrieveFromTrash (FundooNotes)'
2024-05-27 00:47:38.6095|INFO|Microsoft.AspNetCore.Hosting.Diagnostics|Request finished HTTP/1.1 PATCH http://localhost:5188/api/retriveFromTrash/5 - 200 - application/json;+charset=utf-8 24.9712ms
2024-05-27 00:47:48.4729|INFO|Microsoft.AspNetCore.Hosting.Diagnostics|Request starting HTTP/1.1 GET http://localhost:5188/api/getTrashNotes - - -
2024-05-27 00:47:48.4729|INFO|Microsoft.AspNetCore.Routing.EndpointMiddleware|Executing endpoint 'FundooNotes.Controllers.NoteController.GetAllTrashNotes (FundooNotes)'
2024-05-27 00:47:48.4729|INFO|Microsoft.AspNetCore.Mvc.Infrastructure.ControllerActionInvoker|Route matched with {action = "GetAllTrashNotes", controller = "Note"}. Executing controller action with signature System.Threading.Tasks.Task`1[Microsoft.AspNetCore.Mvc.IActionResult] GetAllTrashNotes() on controller FundooNotes.Controllers.NoteController (FundooNotes).
2024-05-27 00:47:48.4850|INFO|FundooNotes.Controllers.NoteController|Trash Notes fetched successfully
2024-05-27 00:47:48.4850|INFO|Microsoft.AspNetCore.Mvc.Infrastructure.ObjectResultExecutor|Executing OkObjectResult, writing value of type 'ModelLayer.ResponseModel.ResponseModel`1[[System.Collections.Generic.IEnumerable`1[[ModelLayer.NoteModel.NoteResponseModel, ModelLayer, Version=1.0.0.0, Culture=neutral, PublicKeyToken=null]], System.Private.CoreLib, Version=8.0.0.0, Culture=neutral, PublicKeyToken=7cec85d7bea7798e]]'.
2024-05-27 00:47:48.4850|INFO|Microsoft.AspNetCore.Mvc.Infrastructure.ControllerActionInvoker|Executed action FundooNotes.Controllers.NoteController.GetAllTrashNotes (FundooNotes) in 5.5649ms
2024-05-27 00:47:48.4850|INFO|Microsoft.AspNetCore.Routing.EndpointMiddleware|Executed endpoint 'FundooNotes.Controllers.NoteController.GetAllTrashNotes (FundooNotes)'
2024-05-27 00:47:48.4850|INFO|Microsoft.AspNetCore.Hosting.Diagnostics|Request finished HTTP/1.1 GET http://localhost:5188/api/getTrashNotes - 200 - application/json;+charset=utf-8 13.0863ms
2024-05-27 00:48:02.8440|INFO|Microsoft.AspNetCore.Hosting.Diagnostics|Request starting HTTP/1.1 GET http://localhost:5188/api/getNotes/4 - - -
2024-05-27 00:48:02.8440|INFO|Microsoft.AspNetCore.Routing.EndpointMiddleware|Executing endpoint 'FundooNotes.Controllers.NoteController.GetAllNotesInLabel (FundooNotes)'
2024-05-27 00:48:02.8440|INFO|Microsoft.AspNetCore.Mvc.Infrastructure.ControllerActionInvoker|Route matched with {action = "GetAllNotesInLabel", controller = "Note"}. Executing controller action with signature System.Threading.Tasks.Task`1[Microsoft.AspNetCore.Mvc.IActionResult] GetAllNotesInLabel(Int32) on controller FundooNotes.Controllers.NoteController (FundooNotes).
2024-05-27 00:48:02.8440|INFO|FundooNotes.Controllers.NoteController|Notes fetched successfully
2024-05-27 00:48:02.8440|INFO|Microsoft.AspNetCore.Mvc.Infrastructure.ObjectResultExecutor|Executing OkObjectResult, writing value of type 'ModelLayer.ResponseModel.ResponseModel`1[[System.Collections.Generic.IEnumerable`1[[ModelLayer.NoteModel.NoteResponseModel, ModelLayer, Version=1.0.0.0, Culture=neutral, PublicKeyToken=null]], System.Private.CoreLib, Version=8.0.0.0, Culture=neutral, PublicKeyToken=7cec85d7bea7798e]]'.
2024-05-27 00:48:02.8440|INFO|Microsoft.AspNetCore.Mvc.Infrastructure.ControllerActionInvoker|Executed action FundooNotes.Controllers.NoteController.GetAllNotesInLabel (FundooNotes) in 3.8841ms
2024-05-27 00:48:02.8440|INFO|Microsoft.AspNetCore.Routing.EndpointMiddleware|Executed endpoint 'FundooNotes.Controllers.NoteController.GetAllNotesInLabel (FundooNotes)'
2024-05-27 00:48:02.8440|INFO|Microsoft.AspNetCore.Hosting.Diagnostics|Request finished HTTP/1.1 GET http://localhost:5188/api/getNotes/4 - 200 - application/json;+charset=utf-8 5.3606ms
2024-05-27 00:49:36.3793|INFO|Microsoft.AspNetCore.DataProtection.KeyManagement.XmlKeyManager|User profile is available. Using 'C:\Users\Yash\AppData\Local\ASP.NET\DataProtection-Keys' as key repository and Windows DPAPI to encrypt keys at rest.
2024-05-27 00:49:36.7410|INFO|Microsoft.Hosting.Lifetime|Now listening on: http://localhost:5188
2024-05-27 00:49:36.7410|INFO|Microsoft.Hosting.Lifetime|Application started. Press Ctrl+C to shut down.
2024-05-27 00:49:36.7410|INFO|Microsoft.Hosting.Lifetime|Hosting environment: Development
2024-05-27 00:49:36.7410|INFO|Microsoft.Hosting.Lifetime|Content root path: C:\Code\RefactoredFundooNotes\FundooNotes\FundooNotes
2024-05-27 00:49:37.2149|INFO|Microsoft.AspNetCore.Hosting.Diagnostics|Request starting HTTP/1.1 GET http://localhost:5188/swagger/index.html - - -
2024-05-27 00:49:37.4940|INFO|Microsoft.AspNetCore.Hosting.Diagnostics|Request finished HTTP/1.1 GET http://localhost:5188/swagger/index.html - 200 - text/html;charset=utf-8 285.7111ms
2024-05-27 00:49:37.5217|INFO|Microsoft.AspNetCore.Hosting.Diagnostics|Request starting HTTP/1.1 GET http://localhost:5188/_framework/aspnetcore-browser-refresh.js - - -
2024-05-27 00:49:37.5217|INFO|Microsoft.AspNetCore.Hosting.Diagnostics|Request finished HTTP/1.1 GET http://localhost:5188/_framework/aspnetcore-browser-refresh.js - 200 13758 application/javascript;+charset=utf-8 2.9077ms
2024-05-27 00:49:37.5527|INFO|Microsoft.AspNetCore.Hosting.Diagnostics|Request starting HTTP/1.1 GET http://localhost:5188/_vs/browserLink - - -
2024-05-27 00:49:37.5905|INFO|Microsoft.AspNetCore.Hosting.Diagnostics|Request finished HTTP/1.1 GET http://localhost:5188/_vs/browserLink - 200 - text/javascript;+charset=UTF-8 39.0246ms
2024-05-27 00:49:37.7263|INFO|Microsoft.AspNetCore.Hosting.Diagnostics|Request starting HTTP/1.1 GET http://localhost:5188/swagger/v1/swagger.json - - -
2024-05-27 00:49:37.8372|INFO|Microsoft.AspNetCore.Hosting.Diagnostics|Request finished HTTP/1.1 GET http://localhost:5188/swagger/v1/swagger.json - 200 - application/json;charset=utf-8 110.9587ms
2024-05-27 00:50:07.9816|INFO|Microsoft.AspNetCore.Hosting.Diagnostics|Request starting HTTP/1.1 PATCH http://localhost:5188/api/removeFromArchive/4 - - 0
2024-05-27 00:50:07.9877|WARN|Microsoft.AspNetCore.HttpsPolicy.HttpsRedirectionMiddleware|Failed to determine the https port for redirect.
2024-05-27 00:50:08.0931|INFO|Microsoft.AspNetCore.Routing.EndpointMiddleware|Executing endpoint 'FundooNotes.Controllers.NoteController.RemoveFromArchive (FundooNotes)'
2024-05-27 00:50:08.1160|INFO|Microsoft.AspNetCore.Mvc.Infrastructure.ControllerActionInvoker|Route matched with {action = "RemoveFromArchive", controller = "Note"}. Executing controller action with signature System.Threading.Tasks.Task`1[Microsoft.AspNetCore.Mvc.IActionResult] RemoveFromArchive(Int32) on controller FundooNotes.Controllers.NoteController (FundooNotes).
2024-05-27 00:50:08.6051|INFO|FundooNotes.Controllers.NoteController|Notes moved out of archive successfully
2024-05-27 00:50:08.6133|INFO|Microsoft.AspNetCore.Mvc.Infrastructure.ObjectResultExecutor|Executing OkObjectResult, writing value of type 'ModelLayer.ResponseModel.ResponseModel'.
2024-05-27 00:50:08.6133|INFO|Microsoft.AspNetCore.Mvc.Infrastructure.ControllerActionInvoker|Executed action FundooNotes.Controllers.NoteController.RemoveFromArchive (FundooNotes) in 500.5732ms
2024-05-27 00:50:08.6133|INFO|Microsoft.AspNetCore.Routing.EndpointMiddleware|Executed endpoint 'FundooNotes.Controllers.NoteController.RemoveFromArchive (FundooNotes)'
2024-05-27 00:50:08.6133|INFO|Microsoft.AspNetCore.Hosting.Diagnostics|Request finished HTTP/1.1 PATCH http://localhost:5188/api/removeFromArchive/4 - 200 - application/json;+charset=utf-8 642.6660ms
2024-05-27 00:50:21.4398|INFO|Microsoft.AspNetCore.Hosting.Diagnostics|Request starting HTTP/1.1 GET http://localhost:5188/api/getArchivedNotes - - -
2024-05-27 00:50:21.4398|INFO|Microsoft.AspNetCore.Routing.EndpointMiddleware|Executing endpoint 'FundooNotes.Controllers.NoteController.GetAllArchivedNotes (FundooNotes)'
2024-05-27 00:50:21.4398|INFO|Microsoft.AspNetCore.Mvc.Infrastructure.ControllerActionInvoker|Route matched with {action = "GetAllArchivedNotes", controller = "Note"}. Executing controller action with signature System.Threading.Tasks.Task`1[Microsoft.AspNetCore.Mvc.IActionResult] GetAllArchivedNotes() on controller FundooNotes.Controllers.NoteController (FundooNotes).
2024-05-27 00:50:21.5126|INFO|FundooNotes.Controllers.NoteController|Archived Notes fetched successfully
2024-05-27 00:50:21.5126|INFO|Microsoft.AspNetCore.Mvc.Infrastructure.ObjectResultExecutor|Executing OkObjectResult, writing value of type 'ModelLayer.ResponseModel.ResponseModel`1[[System.Collections.Generic.IEnumerable`1[[ModelLayer.NoteModel.NoteResponseModel, ModelLayer, Version=1.0.0.0, Culture=neutral, PublicKeyToken=null]], System.Private.CoreLib, Version=8.0.0.0, Culture=neutral, PublicKeyToken=7cec85d7bea7798e]]'.
2024-05-27 00:50:21.5126|INFO|Microsoft.AspNetCore.Mvc.Infrastructure.ControllerActionInvoker|Executed action FundooNotes.Controllers.NoteController.GetAllArchivedNotes (FundooNotes) in 62.1755ms
2024-05-27 00:50:21.5126|INFO|Microsoft.AspNetCore.Routing.EndpointMiddleware|Executed endpoint 'FundooNotes.Controllers.NoteController.GetAllArchivedNotes (FundooNotes)'
2024-05-27 00:50:21.5126|INFO|Microsoft.AspNetCore.Hosting.Diagnostics|Request finished HTTP/1.1 GET http://localhost:5188/api/getArchivedNotes - 200 - application/json;+charset=utf-8 75.9063ms
2024-05-27 00:50:29.6996|INFO|Microsoft.AspNetCore.Hosting.Diagnostics|Request starting HTTP/1.1 GET http://localhost:5188/api/getNotes/4 - - -
2024-05-27 00:50:29.7053|INFO|Microsoft.AspNetCore.Routing.EndpointMiddleware|Executing endpoint 'FundooNotes.Controllers.NoteController.GetAllNotesInLabel (FundooNotes)'
2024-05-27 00:50:29.7053|INFO|Microsoft.AspNetCore.Mvc.Infrastructure.ControllerActionInvoker|Route matched with {action = "GetAllNotesInLabel", controller = "Note"}. Executing controller action with signature System.Threading.Tasks.Task`1[Microsoft.AspNetCore.Mvc.IActionResult] GetAllNotesInLabel(Int32) on controller FundooNotes.Controllers.NoteController (FundooNotes).
2024-05-27 00:50:29.7250|INFO|FundooNotes.Controllers.NoteController|Notes fetched successfully
2024-05-27 00:50:29.7250|INFO|Microsoft.AspNetCore.Mvc.Infrastructure.ObjectResultExecutor|Executing OkObjectResult, writing value of type 'ModelLayer.ResponseModel.ResponseModel`1[[System.Collections.Generic.IEnumerable`1[[ModelLayer.NoteModel.NoteResponseModel, ModelLayer, Version=1.0.0.0, Culture=neutral, PublicKeyToken=null]], System.Private.CoreLib, Version=8.0.0.0, Culture=neutral, PublicKeyToken=7cec85d7bea7798e]]'.
2024-05-27 00:50:29.7250|INFO|Microsoft.AspNetCore.Mvc.Infrastructure.ControllerActionInvoker|Executed action FundooNotes.Controllers.NoteController.GetAllNotesInLabel (FundooNotes) in 16.6153ms
2024-05-27 00:50:29.7250|INFO|Microsoft.AspNetCore.Routing.EndpointMiddleware|Executed endpoint 'FundooNotes.Controllers.NoteController.GetAllNotesInLabel (FundooNotes)'
2024-05-27 00:50:29.7250|INFO|Microsoft.AspNetCore.Hosting.Diagnostics|Request finished HTTP/1.1 GET http://localhost:5188/api/getNotes/4 - 200 - application/json;+charset=utf-8 27.4906ms
2024-05-27 01:02:36.1755|INFO|Microsoft.AspNetCore.DataProtection.KeyManagement.XmlKeyManager|User profile is available. Using 'C:\Users\Yash\AppData\Local\ASP.NET\DataProtection-Keys' as key repository and Windows DPAPI to encrypt keys at rest.
2024-05-27 01:02:36.4675|INFO|Microsoft.Hosting.Lifetime|Now listening on: http://localhost:5188
2024-05-27 01:02:36.4712|INFO|Microsoft.Hosting.Lifetime|Application started. Press Ctrl+C to shut down.
2024-05-27 01:02:36.4712|INFO|Microsoft.Hosting.Lifetime|Hosting environment: Development
2024-05-27 01:02:36.4712|INFO|Microsoft.Hosting.Lifetime|Content root path: C:\Code\RefactoredFundooNotes\FundooNotes\FundooNotes
2024-05-27 01:02:37.2149|INFO|Microsoft.AspNetCore.Hosting.Diagnostics|Request starting HTTP/1.1 GET http://localhost:5188/swagger/index.html - - -
2024-05-27 01:02:37.5142|INFO|Microsoft.AspNetCore.Hosting.Diagnostics|Request finished HTTP/1.1 GET http://localhost:5188/swagger/index.html - 200 - text/html;charset=utf-8 303.6401ms
2024-05-27 01:02:37.5321|INFO|Microsoft.AspNetCore.Hosting.Diagnostics|Request starting HTTP/1.1 GET http://localhost:5188/_framework/aspnetcore-browser-refresh.js - - -
2024-05-27 01:02:37.5321|INFO|Microsoft.AspNetCore.Hosting.Diagnostics|Request finished HTTP/1.1 GET http://localhost:5188/_framework/aspnetcore-browser-refresh.js - 200 13758 application/javascript;+charset=utf-8 4.5389ms
2024-05-27 01:02:37.5424|INFO|Microsoft.AspNetCore.Hosting.Diagnostics|Request starting HTTP/1.1 GET http://localhost:5188/_vs/browserLink - - -
2024-05-27 01:02:37.6758|INFO|Microsoft.AspNetCore.Hosting.Diagnostics|Request finished HTTP/1.1 GET http://localhost:5188/_vs/browserLink - 200 - text/javascript;+charset=UTF-8 133.4602ms
2024-05-27 01:02:37.8170|INFO|Microsoft.AspNetCore.Hosting.Diagnostics|Request starting HTTP/1.1 GET http://localhost:5188/swagger/v1/swagger.json - - -
2024-05-27 01:02:37.9759|INFO|Microsoft.AspNetCore.Hosting.Diagnostics|Request finished HTTP/1.1 GET http://localhost:5188/swagger/v1/swagger.json - 200 - application/json;charset=utf-8 158.8644ms
2024-05-27 01:02:57.8822|INFO|Microsoft.AspNetCore.Hosting.Diagnostics|Request starting HTTP/1.1 POST http://localhost:5188/api/createNote/4 - application/json 444
2024-05-27 01:02:57.8950|WARN|Microsoft.AspNetCore.HttpsPolicy.HttpsRedirectionMiddleware|Failed to determine the https port for redirect.
2024-05-27 01:02:58.0435|INFO|Microsoft.AspNetCore.Routing.EndpointMiddleware|Executing endpoint 'FundooNotes.Controllers.NoteController.CreateNotes (FundooNotes)'
2024-05-27 01:02:58.0729|INFO|Microsoft.AspNetCore.Mvc.Infrastructure.ControllerActionInvoker|Route matched with {action = "CreateNotes", controller = "Note"}. Executing controller action with signature System.Threading.Tasks.Task`1[Microsoft.AspNetCore.Mvc.IActionResult] CreateNotes(ModelLayer.NoteModel.CreateNoteModel, Int32) on controller FundooNotes.Controllers.NoteController (FundooNotes).
2024-05-27 01:02:58.7607|INFO|FundooNotes.Controllers.NoteController|Note Added Successfully
2024-05-27 01:02:58.7668|INFO|Microsoft.AspNetCore.Mvc.Infrastructure.ObjectResultExecutor|Executing OkObjectResult, writing value of type 'ModelLayer.ResponseModel.ResponseModel`1[[ModelLayer.NoteModel.CreateNoteResponseModel, ModelLayer, Version=1.0.0.0, Culture=neutral, PublicKeyToken=null]]'.
2024-05-27 01:02:58.7668|INFO|Microsoft.AspNetCore.Mvc.Infrastructure.ControllerActionInvoker|Executed action FundooNotes.Controllers.NoteController.CreateNotes (FundooNotes) in 699.5082ms
2024-05-27 01:02:58.7668|INFO|Microsoft.AspNetCore.Routing.EndpointMiddleware|Executed endpoint 'FundooNotes.Controllers.NoteController.CreateNotes (FundooNotes)'
2024-05-27 01:02:58.7668|INFO|Microsoft.AspNetCore.Hosting.Diagnostics|Request finished HTTP/1.1 POST http://localhost:5188/api/createNote/4 - 200 - application/json;+charset=utf-8 900.6765ms
2024-05-27 01:03:06.1768|INFO|Microsoft.AspNetCore.Hosting.Diagnostics|Request starting HTTP/1.1 GET http://localhost:5188/api/getNotes/4 - - -
2024-05-27 01:03:06.1768|INFO|Microsoft.AspNetCore.Routing.EndpointMiddleware|Executing endpoint 'FundooNotes.Controllers.NoteController.GetAllNotesInLabel (FundooNotes)'
2024-05-27 01:03:06.1768|INFO|Microsoft.AspNetCore.Mvc.Infrastructure.ControllerActionInvoker|Route matched with {action = "GetAllNotesInLabel", controller = "Note"}. Executing controller action with signature System.Threading.Tasks.Task`1[Microsoft.AspNetCore.Mvc.IActionResult] GetAllNotesInLabel(Int32) on controller FundooNotes.Controllers.NoteController (FundooNotes).
2024-05-27 01:03:06.2117|INFO|FundooNotes.Controllers.NoteController|Notes fetched successfully
2024-05-27 01:03:06.2117|INFO|Microsoft.AspNetCore.Mvc.Infrastructure.ObjectResultExecutor|Executing OkObjectResult, writing value of type 'ModelLayer.ResponseModel.ResponseModel`1[[System.Collections.Generic.IEnumerable`1[[ModelLayer.NoteModel.NoteResponseModel, ModelLayer, Version=1.0.0.0, Culture=neutral, PublicKeyToken=null]], System.Private.CoreLib, Version=8.0.0.0, Culture=neutral, PublicKeyToken=7cec85d7bea7798e]]'.
2024-05-27 01:03:06.2117|INFO|Microsoft.AspNetCore.Mvc.Infrastructure.ControllerActionInvoker|Executed action FundooNotes.Controllers.NoteController.GetAllNotesInLabel (FundooNotes) in 27.93ms
2024-05-27 01:03:06.2117|INFO|Microsoft.AspNetCore.Routing.EndpointMiddleware|Executed endpoint 'FundooNotes.Controllers.NoteController.GetAllNotesInLabel (FundooNotes)'
2024-05-27 01:03:06.2117|INFO|Microsoft.AspNetCore.Hosting.Diagnostics|Request finished HTTP/1.1 GET http://localhost:5188/api/getNotes/4 - 200 - application/json;+charset=utf-8 37.8136ms
2024-05-27 01:03:22.1565|INFO|Microsoft.AspNetCore.Hosting.Diagnostics|Request starting HTTP/1.1 PATCH http://localhost:5188/api/moveToTrash/6 - - 0
2024-05-27 01:03:22.1642|INFO|Microsoft.AspNetCore.Routing.EndpointMiddleware|Executing endpoint 'FundooNotes.Controllers.NoteController.MoveToTrash (FundooNotes)'
2024-05-27 01:03:22.1642|INFO|Microsoft.AspNetCore.Mvc.Infrastructure.ControllerActionInvoker|Route matched with {action = "MoveToTrash", controller = "Note"}. Executing controller action with signature System.Threading.Tasks.Task`1[Microsoft.AspNetCore.Mvc.IActionResult] MoveToTrash(Int32) on controller FundooNotes.Controllers.NoteController (FundooNotes).
2024-05-27 01:03:22.2008|INFO|FundooNotes.Controllers.NoteController|Notes moved to trash successfully
2024-05-27 01:03:22.2008|INFO|Microsoft.AspNetCore.Mvc.Infrastructure.ObjectResultExecutor|Executing OkObjectResult, writing value of type 'ModelLayer.ResponseModel.ResponseModel'.
2024-05-27 01:03:22.2008|INFO|Microsoft.AspNetCore.Mvc.Infrastructure.ControllerActionInvoker|Executed action FundooNotes.Controllers.NoteController.MoveToTrash (FundooNotes) in 34.4832ms
2024-05-27 01:03:22.2008|INFO|Microsoft.AspNetCore.Routing.EndpointMiddleware|Executed endpoint 'FundooNotes.Controllers.NoteController.MoveToTrash (FundooNotes)'
2024-05-27 01:03:22.2008|INFO|Microsoft.AspNetCore.Hosting.Diagnostics|Request finished HTTP/1.1 PATCH http://localhost:5188/api/moveToTrash/6 - 200 - application/json;+charset=utf-8 46.0901ms
2024-05-27 01:03:37.3061|INFO|Microsoft.AspNetCore.Hosting.Diagnostics|Request starting HTTP/1.1 PATCH http://localhost:5188/api/moveToArchive/7 - - 0
2024-05-27 01:03:37.3061|INFO|Microsoft.AspNetCore.Routing.EndpointMiddleware|Executing endpoint 'FundooNotes.Controllers.NoteController.MoveToArchive (FundooNotes)'
2024-05-27 01:03:37.3138|INFO|Microsoft.AspNetCore.Mvc.Infrastructure.ControllerActionInvoker|Route matched with {action = "MoveToArchive", controller = "Note"}. Executing controller action with signature System.Threading.Tasks.Task`1[Microsoft.AspNetCore.Mvc.IActionResult] MoveToArchive(Int32) on controller FundooNotes.Controllers.NoteController (FundooNotes).
2024-05-27 01:03:38.2301|INFO|FundooNotes.Controllers.NoteController|Notes moved to archived successfully
2024-05-27 01:03:38.2301|INFO|Microsoft.AspNetCore.Mvc.Infrastructure.ObjectResultExecutor|Executing OkObjectResult, writing value of type 'ModelLayer.ResponseModel.ResponseModel'.
2024-05-27 01:03:38.2301|INFO|Microsoft.AspNetCore.Mvc.Infrastructure.ControllerActionInvoker|Executed action FundooNotes.Controllers.NoteController.MoveToArchive (FundooNotes) in 916.768ms
2024-05-27 01:03:38.2301|INFO|Microsoft.AspNetCore.Routing.EndpointMiddleware|Executed endpoint 'FundooNotes.Controllers.NoteController.MoveToArchive (FundooNotes)'
2024-05-27 01:03:38.2301|INFO|Microsoft.AspNetCore.Hosting.Diagnostics|Request finished HTTP/1.1 PATCH http://localhost:5188/api/moveToArchive/7 - 200 - application/json;+charset=utf-8 925.2065ms
2024-05-27 01:03:44.9315|INFO|Microsoft.AspNetCore.Hosting.Diagnostics|Request starting HTTP/1.1 GET http://localhost:5188/api/getTrashNotes - - -
2024-05-27 01:03:44.9315|INFO|Microsoft.AspNetCore.Routing.EndpointMiddleware|Executing endpoint 'FundooNotes.Controllers.NoteController.GetAllTrashNotes (FundooNotes)'
2024-05-27 01:03:44.9315|INFO|Microsoft.AspNetCore.Mvc.Infrastructure.ControllerActionInvoker|Route matched with {action = "GetAllTrashNotes", controller = "Note"}. Executing controller action with signature System.Threading.Tasks.Task`1[Microsoft.AspNetCore.Mvc.IActionResult] GetAllTrashNotes() on controller FundooNotes.Controllers.NoteController (FundooNotes).
2024-05-27 01:03:44.9531|INFO|FundooNotes.Controllers.NoteController|Trash Notes fetched successfully
2024-05-27 01:03:44.9531|INFO|Microsoft.AspNetCore.Mvc.Infrastructure.ObjectResultExecutor|Executing OkObjectResult, writing value of type 'ModelLayer.ResponseModel.ResponseModel`1[[System.Collections.Generic.IEnumerable`1[[ModelLayer.NoteModel.NoteResponseModel, ModelLayer, Version=1.0.0.0, Culture=neutral, PublicKeyToken=null]], System.Private.CoreLib, Version=8.0.0.0, Culture=neutral, PublicKeyToken=7cec85d7bea7798e]]'.
2024-05-27 01:03:44.9531|INFO|Microsoft.AspNetCore.Mvc.Infrastructure.ControllerActionInvoker|Executed action FundooNotes.Controllers.NoteController.GetAllTrashNotes (FundooNotes) in 15.5008ms
2024-05-27 01:03:44.9540|INFO|Microsoft.AspNetCore.Routing.EndpointMiddleware|Executed endpoint 'FundooNotes.Controllers.NoteController.GetAllTrashNotes (FundooNotes)'
2024-05-27 01:03:44.9540|INFO|Microsoft.AspNetCore.Hosting.Diagnostics|Request finished HTTP/1.1 GET http://localhost:5188/api/getTrashNotes - 200 - application/json;+charset=utf-8 23.0671ms
2024-05-27 01:03:50.7195|INFO|Microsoft.AspNetCore.Hosting.Diagnostics|Request starting HTTP/1.1 GET http://localhost:5188/api/getArchivedNotes - - -
2024-05-27 01:03:50.7204|INFO|Microsoft.AspNetCore.Routing.EndpointMiddleware|Executing endpoint 'FundooNotes.Controllers.NoteController.GetAllArchivedNotes (FundooNotes)'
2024-05-27 01:03:50.7204|INFO|Microsoft.AspNetCore.Mvc.Infrastructure.ControllerActionInvoker|Route matched with {action = "GetAllArchivedNotes", controller = "Note"}. Executing controller action with signature System.Threading.Tasks.Task`1[Microsoft.AspNetCore.Mvc.IActionResult] GetAllArchivedNotes() on controller FundooNotes.Controllers.NoteController (FundooNotes).
2024-05-27 01:03:50.7204|INFO|FundooNotes.Controllers.NoteController|Archived Notes fetched successfully
2024-05-27 01:03:50.7204|INFO|Microsoft.AspNetCore.Mvc.Infrastructure.ObjectResultExecutor|Executing OkObjectResult, writing value of type 'ModelLayer.ResponseModel.ResponseModel`1[[System.Collections.Generic.IEnumerable`1[[ModelLayer.NoteModel.NoteResponseModel, ModelLayer, Version=1.0.0.0, Culture=neutral, PublicKeyToken=null]], System.Private.CoreLib, Version=8.0.0.0, Culture=neutral, PublicKeyToken=7cec85d7bea7798e]]'.
2024-05-27 01:03:50.7204|INFO|Microsoft.AspNetCore.Mvc.Infrastructure.ControllerActionInvoker|Executed action FundooNotes.Controllers.NoteController.GetAllArchivedNotes (FundooNotes) in 9.7833ms
2024-05-27 01:03:50.7204|INFO|Microsoft.AspNetCore.Routing.EndpointMiddleware|Executed endpoint 'FundooNotes.Controllers.NoteController.GetAllArchivedNotes (FundooNotes)'
2024-05-27 01:03:50.7204|INFO|Microsoft.AspNetCore.Hosting.Diagnostics|Request finished HTTP/1.1 GET http://localhost:5188/api/getArchivedNotes - 200 - application/json;+charset=utf-8 14.5224ms
2024-05-27 01:03:58.5405|INFO|Microsoft.AspNetCore.Hosting.Diagnostics|Request starting HTTP/1.1 GET http://localhost:5188/api/getNotes/4 - - -
2024-05-27 01:03:58.5405|INFO|Microsoft.AspNetCore.Routing.EndpointMiddleware|Executing endpoint 'FundooNotes.Controllers.NoteController.GetAllNotesInLabel (FundooNotes)'
2024-05-27 01:03:58.5405|INFO|Microsoft.AspNetCore.Mvc.Infrastructure.ControllerActionInvoker|Route matched with {action = "GetAllNotesInLabel", controller = "Note"}. Executing controller action with signature System.Threading.Tasks.Task`1[Microsoft.AspNetCore.Mvc.IActionResult] GetAllNotesInLabel(Int32) on controller FundooNotes.Controllers.NoteController (FundooNotes).
2024-05-27 01:03:58.5513|INFO|FundooNotes.Controllers.NoteController|Notes fetched successfully
2024-05-27 01:03:58.5513|INFO|Microsoft.AspNetCore.Mvc.Infrastructure.ObjectResultExecutor|Executing OkObjectResult, writing value of type 'ModelLayer.ResponseModel.ResponseModel`1[[System.Collections.Generic.IEnumerable`1[[ModelLayer.NoteModel.NoteResponseModel, ModelLayer, Version=1.0.0.0, Culture=neutral, PublicKeyToken=null]], System.Private.CoreLib, Version=8.0.0.0, Culture=neutral, PublicKeyToken=7cec85d7bea7798e]]'.
2024-05-27 01:03:58.5513|INFO|Microsoft.AspNetCore.Mvc.Infrastructure.ControllerActionInvoker|Executed action FundooNotes.Controllers.NoteController.GetAllNotesInLabel (FundooNotes) in 9.952ms
2024-05-27 01:03:58.5513|INFO|Microsoft.AspNetCore.Routing.EndpointMiddleware|Executed endpoint 'FundooNotes.Controllers.NoteController.GetAllNotesInLabel (FundooNotes)'
2024-05-27 01:03:58.5513|INFO|Microsoft.AspNetCore.Hosting.Diagnostics|Request finished HTTP/1.1 GET http://localhost:5188/api/getNotes/4 - 200 - application/json;+charset=utf-8 12.0628ms
2024-05-27 01:04:14.1215|INFO|Microsoft.AspNetCore.Hosting.Diagnostics|Request starting HTTP/1.1 PATCH http://localhost:5188/api/retriveFromTrash/6 - - 0
2024-05-27 01:04:14.1215|INFO|Microsoft.AspNetCore.Routing.EndpointMiddleware|Executing endpoint 'FundooNotes.Controllers.NoteController.RetrieveFromTrash (FundooNotes)'
2024-05-27 01:04:14.1215|INFO|Microsoft.AspNetCore.Mvc.Infrastructure.ControllerActionInvoker|Route matched with {action = "RetrieveFromTrash", controller = "Note"}. Executing controller action with signature System.Threading.Tasks.Task`1[Microsoft.AspNetCore.Mvc.IActionResult] RetrieveFromTrash(Int32) on controller FundooNotes.Controllers.NoteController (FundooNotes).
2024-05-27 01:04:14.1350|INFO|FundooNotes.Controllers.NoteController|Notes moved out of trash successfully
2024-05-27 01:04:14.1350|INFO|Microsoft.AspNetCore.Mvc.Infrastructure.ObjectResultExecutor|Executing OkObjectResult, writing value of type 'ModelLayer.ResponseModel.ResponseModel'.
2024-05-27 01:04:14.1350|INFO|Microsoft.AspNetCore.Mvc.Infrastructure.ControllerActionInvoker|Executed action FundooNotes.Controllers.NoteController.RetrieveFromTrash (FundooNotes) in 10.0475ms
2024-05-27 01:04:14.1350|INFO|Microsoft.AspNetCore.Routing.EndpointMiddleware|Executed endpoint 'FundooNotes.Controllers.NoteController.RetrieveFromTrash (FundooNotes)'
2024-05-27 01:04:14.1350|INFO|Microsoft.AspNetCore.Hosting.Diagnostics|Request finished HTTP/1.1 PATCH http://localhost:5188/api/retriveFromTrash/6 - 200 - application/json;+charset=utf-8 14.2999ms
2024-05-27 01:04:23.8664|INFO|Microsoft.AspNetCore.Hosting.Diagnostics|Request starting HTTP/1.1 PATCH http://localhost:5188/api/removeFromArchive/7 - - 0
2024-05-27 01:04:23.8664|INFO|Microsoft.AspNetCore.Routing.EndpointMiddleware|Executing endpoint 'FundooNotes.Controllers.NoteController.RemoveFromArchive (FundooNotes)'
2024-05-27 01:04:23.8664|INFO|Microsoft.AspNetCore.Mvc.Infrastructure.ControllerActionInvoker|Route matched with {action = "RemoveFromArchive", controller = "Note"}. Executing controller action with signature System.Threading.Tasks.Task`1[Microsoft.AspNetCore.Mvc.IActionResult] RemoveFromArchive(Int32) on controller FundooNotes.Controllers.NoteController (FundooNotes).
2024-05-27 01:04:23.8814|INFO|FundooNotes.Controllers.NoteController|Notes moved out of archive successfully
2024-05-27 01:04:23.8814|INFO|Microsoft.AspNetCore.Mvc.Infrastructure.ObjectResultExecutor|Executing OkObjectResult, writing value of type 'ModelLayer.ResponseModel.ResponseModel'.
2024-05-27 01:04:23.8814|INFO|Microsoft.AspNetCore.Mvc.Infrastructure.ControllerActionInvoker|Executed action FundooNotes.Controllers.NoteController.RemoveFromArchive (FundooNotes) in 11.5626ms
2024-05-27 01:04:23.8814|INFO|Microsoft.AspNetCore.Routing.EndpointMiddleware|Executed endpoint 'FundooNotes.Controllers.NoteController.RemoveFromArchive (FundooNotes)'
2024-05-27 01:04:23.8814|INFO|Microsoft.AspNetCore.Hosting.Diagnostics|Request finished HTTP/1.1 PATCH http://localhost:5188/api/removeFromArchive/7 - 200 - application/json;+charset=utf-8 15.9491ms
2024-05-27 01:04:32.7648|INFO|Microsoft.AspNetCore.Hosting.Diagnostics|Request starting HTTP/1.1 GET http://localhost:5188/api/getTrashNotes - - -
2024-05-27 01:04:32.7648|INFO|Microsoft.AspNetCore.Routing.EndpointMiddleware|Executing endpoint 'FundooNotes.Controllers.NoteController.GetAllTrashNotes (FundooNotes)'
2024-05-27 01:04:32.7665|INFO|Microsoft.AspNetCore.Mvc.Infrastructure.ControllerActionInvoker|Route matched with {action = "GetAllTrashNotes", controller = "Note"}. Executing controller action with signature System.Threading.Tasks.Task`1[Microsoft.AspNetCore.Mvc.IActionResult] GetAllTrashNotes() on controller FundooNotes.Controllers.NoteController (FundooNotes).
2024-05-27 01:04:32.7665|INFO|FundooNotes.Controllers.NoteController|Trash Notes fetched successfully
2024-05-27 01:04:32.7665|INFO|Microsoft.AspNetCore.Mvc.Infrastructure.ObjectResultExecutor|Executing OkObjectResult, writing value of type 'ModelLayer.ResponseModel.ResponseModel`1[[System.Collections.Generic.IEnumerable`1[[ModelLayer.NoteModel.NoteResponseModel, ModelLayer, Version=1.0.0.0, Culture=neutral, PublicKeyToken=null]], System.Private.CoreLib, Version=8.0.0.0, Culture=neutral, PublicKeyToken=7cec85d7bea7798e]]'.
2024-05-27 01:04:32.7665|INFO|Microsoft.AspNetCore.Mvc.Infrastructure.ControllerActionInvoker|Executed action FundooNotes.Controllers.NoteController.GetAllTrashNotes (FundooNotes) in 5.537ms
2024-05-27 01:04:32.7665|INFO|Microsoft.AspNetCore.Routing.EndpointMiddleware|Executed endpoint 'FundooNotes.Controllers.NoteController.GetAllTrashNotes (FundooNotes)'
2024-05-27 01:04:32.7665|INFO|Microsoft.AspNetCore.Hosting.Diagnostics|Request finished HTTP/1.1 GET http://localhost:5188/api/getTrashNotes - 200 - application/json;+charset=utf-8 7.8464ms
2024-05-27 01:04:38.8152|INFO|Microsoft.AspNetCore.Hosting.Diagnostics|Request starting HTTP/1.1 GET http://localhost:5188/api/getArchivedNotes - - -
2024-05-27 01:04:38.8152|INFO|Microsoft.AspNetCore.Routing.EndpointMiddleware|Executing endpoint 'FundooNotes.Controllers.NoteController.GetAllArchivedNotes (FundooNotes)'
2024-05-27 01:04:38.8152|INFO|Microsoft.AspNetCore.Mvc.Infrastructure.ControllerActionInvoker|Route matched with {action = "GetAllArchivedNotes", controller = "Note"}. Executing controller action with signature System.Threading.Tasks.Task`1[Microsoft.AspNetCore.Mvc.IActionResult] GetAllArchivedNotes() on controller FundooNotes.Controllers.NoteController (FundooNotes).
2024-05-27 01:04:38.8152|INFO|FundooNotes.Controllers.NoteController|Archived Notes fetched successfully
2024-05-27 01:04:38.8305|INFO|Microsoft.AspNetCore.Mvc.Infrastructure.ObjectResultExecutor|Executing OkObjectResult, writing value of type 'ModelLayer.ResponseModel.ResponseModel`1[[System.Collections.Generic.IEnumerable`1[[ModelLayer.NoteModel.NoteResponseModel, ModelLayer, Version=1.0.0.0, Culture=neutral, PublicKeyToken=null]], System.Private.CoreLib, Version=8.0.0.0, Culture=neutral, PublicKeyToken=7cec85d7bea7798e]]'.
2024-05-27 01:04:38.8305|INFO|Microsoft.AspNetCore.Mvc.Infrastructure.ControllerActionInvoker|Executed action FundooNotes.Controllers.NoteController.GetAllArchivedNotes (FundooNotes) in 15.7358ms
2024-05-27 01:04:38.8305|INFO|Microsoft.AspNetCore.Routing.EndpointMiddleware|Executed endpoint 'FundooNotes.Controllers.NoteController.GetAllArchivedNotes (FundooNotes)'
2024-05-27 01:04:38.8305|INFO|Microsoft.AspNetCore.Hosting.Diagnostics|Request finished HTTP/1.1 GET http://localhost:5188/api/getArchivedNotes - 200 - application/json;+charset=utf-8 17.0664ms
2024-05-27 01:04:45.1799|INFO|Microsoft.AspNetCore.Hosting.Diagnostics|Request starting HTTP/1.1 GET http://localhost:5188/api/getNotes/4 - - -
2024-05-27 01:04:45.1799|INFO|Microsoft.AspNetCore.Routing.EndpointMiddleware|Executing endpoint 'FundooNotes.Controllers.NoteController.GetAllNotesInLabel (FundooNotes)'
2024-05-27 01:04:45.1799|INFO|Microsoft.AspNetCore.Mvc.Infrastructure.ControllerActionInvoker|Route matched with {action = "GetAllNotesInLabel", controller = "Note"}. Executing controller action with signature System.Threading.Tasks.Task`1[Microsoft.AspNetCore.Mvc.IActionResult] GetAllNotesInLabel(Int32) on controller FundooNotes.Controllers.NoteController (FundooNotes).
2024-05-27 01:04:45.2023|INFO|FundooNotes.Controllers.NoteController|Notes fetched successfully
2024-05-27 01:04:45.2023|INFO|Microsoft.AspNetCore.Mvc.Infrastructure.ObjectResultExecutor|Executing OkObjectResult, writing value of type 'ModelLayer.ResponseModel.ResponseModel`1[[System.Collections.Generic.IEnumerable`1[[ModelLayer.NoteModel.NoteResponseModel, ModelLayer, Version=1.0.0.0, Culture=neutral, PublicKeyToken=null]], System.Private.CoreLib, Version=8.0.0.0, Culture=neutral, PublicKeyToken=7cec85d7bea7798e]]'.
2024-05-27 01:04:45.2023|INFO|Microsoft.AspNetCore.Mvc.Infrastructure.ControllerActionInvoker|Executed action FundooNotes.Controllers.NoteController.GetAllNotesInLabel (FundooNotes) in 18.4326ms
2024-05-27 01:04:45.2040|INFO|Microsoft.AspNetCore.Routing.EndpointMiddleware|Executed endpoint 'FundooNotes.Controllers.NoteController.GetAllNotesInLabel (FundooNotes)'
2024-05-27 01:04:45.2040|INFO|Microsoft.AspNetCore.Hosting.Diagnostics|Request finished HTTP/1.1 GET http://localhost:5188/api/getNotes/4 - 200 - application/json;+charset=utf-8 24.4618ms
2024-05-27 01:06:28.5138|INFO|Microsoft.AspNetCore.Hosting.Diagnostics|Request starting HTTP/1.1 PATCH http://localhost:5188/api/updateNote/3 - application/json 384
2024-05-27 01:06:28.5516|INFO|Microsoft.AspNetCore.Routing.EndpointMiddleware|Executing endpoint 'FundooNotes.Controllers.NoteController.UpdateNote (FundooNotes)'
2024-05-27 01:06:28.5516|INFO|Microsoft.AspNetCore.Mvc.Infrastructure.ControllerActionInvoker|Route matched with {action = "UpdateNote", controller = "Note"}. Executing controller action with signature System.Threading.Tasks.Task`1[Microsoft.AspNetCore.Mvc.IActionResult] UpdateNote(ModelLayer.NoteModel.UpdateNoteModel, Int32) on controller FundooNotes.Controllers.NoteController (FundooNotes).
2024-05-27 01:06:28.5880|INFO|FundooNotes.Controllers.NoteController|Note updated Successfully
2024-05-27 01:06:28.5880|INFO|Microsoft.AspNetCore.Mvc.Infrastructure.ObjectResultExecutor|Executing OkObjectResult, writing value of type 'ModelLayer.ResponseModel.ResponseModel`1[[ModelLayer.NoteModel.CreateNoteResponseModel, ModelLayer, Version=1.0.0.0, Culture=neutral, PublicKeyToken=null]]'.
2024-05-27 01:06:28.5880|INFO|Microsoft.AspNetCore.Mvc.Infrastructure.ControllerActionInvoker|Executed action FundooNotes.Controllers.NoteController.UpdateNote (FundooNotes) in 28.7309ms
2024-05-27 01:06:28.5880|INFO|Microsoft.AspNetCore.Routing.EndpointMiddleware|Executed endpoint 'FundooNotes.Controllers.NoteController.UpdateNote (FundooNotes)'
2024-05-27 01:06:28.5880|INFO|Microsoft.AspNetCore.Hosting.Diagnostics|Request finished HTTP/1.1 PATCH http://localhost:5188/api/updateNote/3 - 200 - application/json;+charset=utf-8 75.0619ms
2024-05-27 01:06:35.5309|INFO|Microsoft.AspNetCore.Hosting.Diagnostics|Request starting HTTP/1.1 GET http://localhost:5188/api/getNotes/4 - - -
2024-05-27 01:06:35.5318|INFO|Microsoft.AspNetCore.Routing.EndpointMiddleware|Executing endpoint 'FundooNotes.Controllers.NoteController.GetAllNotesInLabel (FundooNotes)'
2024-05-27 01:06:35.5318|INFO|Microsoft.AspNetCore.Mvc.Infrastructure.ControllerActionInvoker|Route matched with {action = "GetAllNotesInLabel", controller = "Note"}. Executing controller action with signature System.Threading.Tasks.Task`1[Microsoft.AspNetCore.Mvc.IActionResult] GetAllNotesInLabel(Int32) on controller FundooNotes.Controllers.NoteController (FundooNotes).
2024-05-27 01:06:35.5318|INFO|FundooNotes.Controllers.NoteController|Notes fetched successfully
2024-05-27 01:06:35.5318|INFO|Microsoft.AspNetCore.Mvc.Infrastructure.ObjectResultExecutor|Executing OkObjectResult, writing value of type 'ModelLayer.ResponseModel.ResponseModel`1[[System.Collections.Generic.IEnumerable`1[[ModelLayer.NoteModel.NoteResponseModel, ModelLayer, Version=1.0.0.0, Culture=neutral, PublicKeyToken=null]], System.Private.CoreLib, Version=8.0.0.0, Culture=neutral, PublicKeyToken=7cec85d7bea7798e]]'.
2024-05-27 01:06:35.5318|INFO|Microsoft.AspNetCore.Mvc.Infrastructure.ControllerActionInvoker|Executed action FundooNotes.Controllers.NoteController.GetAllNotesInLabel (FundooNotes) in 5.706ms
2024-05-27 01:06:35.5318|INFO|Microsoft.AspNetCore.Routing.EndpointMiddleware|Executed endpoint 'FundooNotes.Controllers.NoteController.GetAllNotesInLabel (FundooNotes)'
2024-05-27 01:06:35.5318|INFO|Microsoft.AspNetCore.Hosting.Diagnostics|Request finished HTTP/1.1 GET http://localhost:5188/api/getNotes/4 - 200 - application/json;+charset=utf-8 7.3624ms
2024-05-27 01:06:43.2744|INFO|Microsoft.AspNetCore.Hosting.Diagnostics|Request starting HTTP/1.1 GET http://localhost:5188/api/getNotes/4 - - -
2024-05-27 01:06:43.2744|INFO|Microsoft.AspNetCore.Routing.EndpointMiddleware|Executing endpoint 'FundooNotes.Controllers.NoteController.GetAllNotesInLabel (FundooNotes)'
2024-05-27 01:06:43.2744|INFO|Microsoft.AspNetCore.Mvc.Infrastructure.ControllerActionInvoker|Route matched with {action = "GetAllNotesInLabel", controller = "Note"}. Executing controller action with signature System.Threading.Tasks.Task`1[Microsoft.AspNetCore.Mvc.IActionResult] GetAllNotesInLabel(Int32) on controller FundooNotes.Controllers.NoteController (FundooNotes).
2024-05-27 01:06:43.2744|INFO|FundooNotes.Controllers.NoteController|Notes fetched successfully
2024-05-27 01:06:43.2744|INFO|Microsoft.AspNetCore.Mvc.Infrastructure.ObjectResultExecutor|Executing OkObjectResult, writing value of type 'ModelLayer.ResponseModel.ResponseModel`1[[System.Collections.Generic.IEnumerable`1[[ModelLayer.NoteModel.NoteResponseModel, ModelLayer, Version=1.0.0.0, Culture=neutral, PublicKeyToken=null]], System.Private.CoreLib, Version=8.0.0.0, Culture=neutral, PublicKeyToken=7cec85d7bea7798e]]'.
2024-05-27 01:06:43.2744|INFO|Microsoft.AspNetCore.Mvc.Infrastructure.ControllerActionInvoker|Executed action FundooNotes.Controllers.NoteController.GetAllNotesInLabel (FundooNotes) in 3.8706ms
2024-05-27 01:06:43.2744|INFO|Microsoft.AspNetCore.Routing.EndpointMiddleware|Executed endpoint 'FundooNotes.Controllers.NoteController.GetAllNotesInLabel (FundooNotes)'
2024-05-27 01:06:43.2744|INFO|Microsoft.AspNetCore.Hosting.Diagnostics|Request finished HTTP/1.1 GET http://localhost:5188/api/getNotes/4 - 200 - application/json;+charset=utf-8 6.9293ms
2024-05-27 08:55:16.9496|INFO|Microsoft.AspNetCore.DataProtection.KeyManagement.XmlKeyManager|User profile is available. Using 'C:\Users\Yash\AppData\Local\ASP.NET\DataProtection-Keys' as key repository and Windows DPAPI to encrypt keys at rest.
2024-05-27 08:55:17.2593|INFO|Microsoft.Hosting.Lifetime|Now listening on: http://localhost:5188
2024-05-27 08:55:17.2593|INFO|Microsoft.Hosting.Lifetime|Application started. Press Ctrl+C to shut down.
2024-05-27 08:55:17.2593|INFO|Microsoft.Hosting.Lifetime|Hosting environment: Development
2024-05-27 08:55:17.2593|INFO|Microsoft.Hosting.Lifetime|Content root path: C:\Code\RefactoredFundooNotes\FundooNotes\FundooNotes
2024-05-27 08:55:19.1933|INFO|Microsoft.AspNetCore.Hosting.Diagnostics|Request starting HTTP/1.1 GET http://localhost:5188/swagger/index.html - - -
2024-05-27 08:55:20.4754|INFO|Microsoft.AspNetCore.Hosting.Diagnostics|Request finished HTTP/1.1 GET http://localhost:5188/swagger/index.html - 200 - text/html;charset=utf-8 1296.4101ms
2024-05-27 08:55:20.5047|INFO|Microsoft.AspNetCore.Hosting.Diagnostics|Request starting HTTP/1.1 GET http://localhost:5188/_framework/aspnetcore-browser-refresh.js - - -
2024-05-27 08:55:20.5047|INFO|Microsoft.AspNetCore.Hosting.Diagnostics|Request starting HTTP/1.1 GET http://localhost:5188/_vs/browserLink - - -
2024-05-27 08:55:20.5212|INFO|Microsoft.AspNetCore.Hosting.Diagnostics|Request finished HTTP/1.1 GET http://localhost:5188/_framework/aspnetcore-browser-refresh.js - 200 13758 application/javascript;+charset=utf-8 17.9605ms
2024-05-27 08:55:21.4594|INFO|Microsoft.AspNetCore.Hosting.Diagnostics|Request finished HTTP/1.1 GET http://localhost:5188/_vs/browserLink - 200 - text/javascript;+charset=UTF-8 953.8336ms
2024-05-27 08:55:21.6013|INFO|Microsoft.AspNetCore.Hosting.Diagnostics|Request starting HTTP/1.1 GET http://localhost:5188/swagger/v1/swagger.json - - -
2024-05-27 08:55:21.9651|INFO|Microsoft.AspNetCore.Hosting.Diagnostics|Request finished HTTP/1.1 GET http://localhost:5188/swagger/v1/swagger.json - 200 - application/json;charset=utf-8 363.7695ms
